[06/24/24 14:45:07:295][7846][A]:(00000004): AgoraService::createRtcConnection(this:0x7f25980131e0, cfg:(autoSubscribeAudio:1, autoSubscribeVideo:0, enableAudioRecordingOrPlayout:1,maxSendBitrate:-1, minPort:0, maxPort:0, clientRoleType:1), connId:0)
[06/24/24 14:45:07:295][7846][A]:(00000005):   RtcConnectionImpl::initializeEx(this:0xb3fa30, serviceCfg:(enableAudioProcessor:1, enableAudioDevice:0, enableVideo:0, context:(nil)), cfg:(autoSubscribeAudio:1, autoSubscribeVideo:0, enableAudioRecordingOrPlayout:0, maxSendBitrate:-1, minPort:0, maxPort:0, clientRoleType:2, clientType:0, channelProfile:1, vosList.size:0, recvType:(audio: 0, video: 0)))
[06/24/24 14:45:07:298][7849][A]:(00000006): LegacyEventProxy::onClientRoleChanged->onChangeRoleSuccess(this:0xbce410, oldRole:2, newRole:1, newRoleLatencyLevel:2)
[06/24/24 14:45:07:299][7849][A]:(00000007): RtcConnectionImpl::getUserRole(this:0xb3fa30, void)
[06/24/24 14:45:07:301][7849][A]:(00000008): RtcConnectionImpl::subscribeReceivePacketHandler(this:0xb3fa30, void)
[06/24/24 14:45:07:302][7846][A]:(00000009): AgoraService::createMediaNodeFactory(this:0x7f25980131e0, void)
[06/24/24 14:45:07:302][7846][A]:(00000010): MediaNodeFactoryImpl::createAudioPcmDataSender(this:0x7f259801b7d0, void)
[06/24/24 14:45:07:302][7846][A]:(00000011): AgoraService::createCustomAudioTrack(this:0x7f25980131e0, audioSource:0xbdbf80)
[06/24/24 14:45:07:303][7846][A]:(00000012): MediaNodeFactoryImpl::createVideoFrameSender(this:0x7f259801b7d0, void)
[06/24/24 14:45:07:303][7846][A]:(00000013): AgoraService::createCustomVideoTrack(this:0x7f25980131e0, videoSource:0xbceb00)
[06/24/24 14:45:07:304][7846][A]:(00000014):   VideoFrameAdapter::setOutputFormat(this:0x7f259804e9b0, format:(width:960, height:540, fps:15))
[06/24/24 14:45:07:304][7846][A]:(00000015):   LocalVideoTrackImpl::setEnabled(this:0xbd79f0, enable:0)
[06/24/24 14:45:07:304][7846][A]:(00000016): RtcConnectionImpl::registerObserver(this:0xb3fa30, observer:0xc1e3e0)
[06/24/24 14:45:07:304][7846][A]:(00000017): RtcConnectionImpl::connect(this:0xb3fa30, token:"a****3", channelId:"agora", userId:"0")
[06/24/24 14:45:07:305][7846][A]:(00000018): LocalUserImpl::setPlaybackAudioFrameBeforeMixingParameters(this:0x7f2598064700, numberOfChannels:1, sampleRateHz:16000)
[06/24/24 14:45:07:305][7849][A]:(00000019): RtcConnectionImpl::stopLastmileProbeTest(this:0xb3fa30, void)
[06/24/24 14:45:07:306][7849][A]:(00000020): RtcConnectionImpl::setConnectionState(this:0xb3fa30, state: 2)
[06/24/24 14:45:07:306][7849][A]:(00000021): LegacyEventProxy::onConnectionStateChanged->onConnecting(this:0xbce410, channel:"agora", userId:"0", reason:0)
[06/24/24 14:45:07:310][7846][A]:(00000022): LocalUserImpl::registerAudioFrameObserver(this:0x7f2598064700, observer:0xc1dd50)
[06/24/24 14:45:07:310][7849][A]:(00000023): LocalVideoTrackImpl::SetVideoEncoderConfigurationInternal(this:0xbd79f0, config:(codecType:2, dimensions:(width:352, height:288), frameRate:25, bitrate:146800, minBitrate:14680, orientationMode:0, degradationPreference:0, compressionPreference:0, encodingPreference:-1 priority:3))
[06/24/24 14:45:07:310][7849][A]:(00000024):   VideoFrameAdapter::setOutputFormat(this:0x7f259804e9b0, format:(width:352, height:288, fps:25))
[06/24/24 14:45:07:310][7846][A]:(00000025): LocalAudioTrackPcmImpl::setEnabled(this:0xbdc740, enable:1)
[06/24/24 14:45:07:310][7849][A]:(00000026): LocalAudioTrackImpl::setEnabled(this:0xbdc740, enable: 1)
[06/24/24 14:45:07:310][7846][A]:(00000027): LocalUserImpl::publishAudio(this:0x7f2598064700, audioTrack:0xbdc740, this 0x7f2598064700 )
[06/24/24 14:45:07:311][7849][A]:(00000028): LocalAudioTrackImpl::attach(this:0xbdc740, sourceId: 3147431818)
[06/24/24 14:45:07:311][7846][A]:(00000029): LocalVideoTrackImpl::setEnabled(this:0xbd79f0, enable:1)
[06/24/24 14:45:07:311][7849][A]:(00000030): VideoFrameWatermarker::onSinkWantsChanged(this:0x7f2598540260, rotation_applied:0, black_frames: 0, max_pixel_count: 2147483647, target_pixel_count: 0, max_framerate_fps: 2147483647)
[06/24/24 14:45:07:311][7849][A]:(00000031): VideoFrameWatermarker::onSinkWantsChanged(this:0x7f2598540260, rotation_applied:0, black_frames: 0, max_pixel_count: 2147483647, target_pixel_count: 0, max_framerate_fps: 2147483647)
[06/24/24 14:45:07:311][7849][A]:(00000032): VideoFrameWatermarker::onSinkWantsChanged(this:0x7f2598540260, rotation_applied:0, black_frames: 0, max_pixel_count: 2147483647, target_pixel_count: 0, max_framerate_fps: 2147483647)
[06/24/24 14:45:07:311][7849][A]:(00000033): VideoFrameWatermarker::onSinkWantsChanged(this:0x7f2598540650, rotation_applied:0, black_frames: 0, max_pixel_count: 2147483647, target_pixel_count: 0, max_framerate_fps: 2147483647)
[06/24/24 14:45:07:311][7849][A]:(00000034): VideoFrameWatermarker::onSinkWantsChanged(this:0x7f2598540260, rotation_applied:0, black_frames: 0, max_pixel_count: 2147483647, target_pixel_count: 0, max_framerate_fps: 2147483647)
[06/24/24 14:45:07:311][7846][A]:(00000035): LocalUserImpl::publishVideo(this:0x7f2598064700, videoTrack:0xbd79f0)
[06/24/24 14:45:07:313][7849][A]:(00000036): VideoFrameWatermarker::onSinkWantsChanged(this:0x7f2598540650, rotation_applied:0, black_frames: 0, max_pixel_count: 2147483647, target_pixel_count: 0, max_framerate_fps: 2147483647)
[06/24/24 14:45:07:313][7849][A]:(00000037): VideoFrameWatermarker::onSinkWantsChanged(this:0x7f2598540260, rotation_applied:0, black_frames: 0, max_pixel_count: 2147483647, target_pixel_count: 0, max_framerate_fps: 2147483647)
[06/24/24 14:45:07:313][7891][A]:(00000038): VideoFrameWatermarker::onSinkWantsChanged(this:0x7f2598540650, rotation_applied:0, black_frames: 0, max_pixel_count: 2147483647, target_pixel_count: 0, max_framerate_fps: 2147483647)
[06/24/24 14:45:07:313][7891][A]:(00000039): VideoFrameWatermarker::onSinkWantsChanged(this:0x7f2598540260, rotation_applied:0, black_frames: 0, max_pixel_count: 2147483647, target_pixel_count: 0, max_framerate_fps: 2147483647)
[06/24/24 14:45:07:313][7849][A]:(00000040): VideoFrameAdapter::setOutputFormat(this:0x7f259804e9b0, format:(width:352, height:288, fps:25))
[06/24/24 14:45:07:314][7849][A]:(00000041): VideoFrameWatermarker::onSinkWantsChanged(this:0x7f2598540650, rotation_applied:0, black_frames: 0, max_pixel_count: 2147483647, target_pixel_count: 0, max_framerate_fps: 2147483647)
[06/24/24 14:45:07:314][7849][A]:(00000042): VideoFrameWatermarker::onSinkWantsChanged(this:0x7f2598540260, rotation_applied:0, black_frames: 0, max_pixel_count: 2147483647, target_pixel_count: 0, max_framerate_fps: 2147483647)
[06/24/24 14:45:07:336][7846][A]:(00000043): AudioPcmDataSenderImpl::sendAudioPcmDataEx(this:0xbdbf80, audio_data:0x7f25a4ec7a28, capture_timestamp:0, samples_per_channel:160, bytes_per_sample:2, number_of_channels:1, sample_rate:16000, audio_track_number:0)
[06/24/24 14:45:07:336][7846][A]:(00000044): AudioPcmDataSenderImpl::sendAudioPcmDataEx(this:0xbdbf80, audio_data:0x7f25a4ec7b90, capture_timestamp:0, samples_per_channel:160, bytes_per_sample:2, number_of_channels:1, sample_rate:16000, audio_track_number:0)
[06/24/24 14:45:07:336][7846][A]:(00000045): AudioPcmDataSenderImpl::sendAudioPcmDataEx(this:0xbdbf80, ... (ignore to avoid too many logs))
[06/24/24 14:45:07:350][7849][A]:(00000046): RtcEngine::setParametersByTds(this:0x7f2598066020, {"parameters":{"rtc.enable_xdump":true,"rtc.enable_xdump_file":true,"rtc.enable_xdump_upload":true}})
[06/24/24 14:45:07:350][7849][A]:(00000047): RtcEngine::setParametersByTds(this:0x7f2598066020, {"parameters":{"rtc.log_encryption":false,"rtc.log_encryption_mode":0,"rtc.log_encryption_salt":""}})
[06/24/24 14:45:07:350][7849][A]:(00000048): RtcEngine::setParametersByTds(this:0x7f2598066020, {"parameters":{"rtm.login_with_config":true}})
[06/24/24 14:45:07:350][7849][A]:(00000049): RtcEngine::setParametersByTds(this:0x7f2598066020, {"parameters":{"AUDIO_VOLUME_INDICATION_INTERVAL":3001}})
[06/24/24 14:45:07:350][7849][A]:(00000050): RtcEngine::setParametersByTds(this:0x7f2598066020, {"parameters":{"rtc.log_encryption":false,"rtc.log_encryption_mode":1,"rtc.log_encryption_salt":"aabcdz"}})
[06/24/24 14:45:07:351][7849][A]:(00000051): RtcEngine::setParametersByTds(this:0x7f2598066020, {"parameters":{"rtc.ip_global_area":["101.251.217.28","120.92.182.222","182.61.143.198","2408:4005:36d:1303:2d8c:443e:f22b:4d0d","2408:400a:4d:e404:cef9:28eb:8f2c:546a"]}})
[06/24/24 14:45:07:351][7849][A]:(00000052): RtcEngine::setParametersByTds(this:0x7f2598066020, {"parameters":{"WEBSOCKET_COMPRESS":false}})
[06/24/24 14:45:07:351][7849][A]:(00000053): RtcEngine::setParametersByTds(this:0x7f2598066020, {"parameters":{"uplink":{"max_bitrate":4000,"min_bitrate":400}}})
[06/24/24 14:45:07:351][7849][A]:(00000054): RtcEngine::setParametersByTds(this:0x7f2598066020, {"parameters":{"rtc.max_sub_peers":200}})
[06/24/24 14:45:07:351][7849][A]:(00000055): RtcEngine::setParametersByTds(this:0x7f2598066020, {"parameters":{"che.audio.sf.nlpHbandAgg":1}})
[06/24/24 14:45:48:593][8356][A]:(00000004): AgoraService::createRtcConnection(this:0x7fb45c0131e0, cfg:(autoSubscribeAudio:1, autoSubscribeVideo:0, enableAudioRecordingOrPlayout:1,maxSendBitrate:-1, minPort:0, maxPort:0, clientRoleType:1), connId:0)
[06/24/24 14:45:48:593][8356][A]:(00000005):   RtcConnectionImpl::initializeEx(this:0x18ffa30, serviceCfg:(enableAudioProcessor:1, enableAudioDevice:0, enableVideo:0, context:(nil)), cfg:(autoSubscribeAudio:1, autoSubscribeVideo:0, enableAudioRecordingOrPlayout:0, maxSendBitrate:-1, minPort:0, maxPort:0, clientRoleType:2, clientType:0, channelProfile:1, vosList.size:0, recvType:(audio: 0, video: 0)))
[06/24/24 14:45:48:596][8361][A]:(00000006): LegacyEventProxy::onClientRoleChanged->onChangeRoleSuccess(this:0x198e950, oldRole:2, newRole:1, newRoleLatencyLevel:2)
[06/24/24 14:45:48:598][8361][A]:(00000007): RtcConnectionImpl::getUserRole(this:0x18ffa30, void)
[06/24/24 14:45:48:599][8361][A]:(00000008): RtcConnectionImpl::subscribeReceivePacketHandler(this:0x18ffa30, void)
[06/24/24 14:45:48:600][8356][A]:(00000009): AgoraService::createMediaNodeFactory(this:0x7fb45c0131e0, void)
[06/24/24 14:45:48:600][8356][A]:(00000010): MediaNodeFactoryImpl::createAudioPcmDataSender(this:0x7fb45c01b7d0, void)
[06/24/24 14:45:48:600][8356][A]:(00000011): AgoraService::createCustomAudioTrack(this:0x7fb45c0131e0, audioSource:0x199bb90)
[06/24/24 14:45:48:601][8356][A]:(00000012): MediaNodeFactoryImpl::createVideoFrameSender(this:0x7fb45c01b7d0, void)
[06/24/24 14:45:48:601][8356][A]:(00000013): AgoraService::createCustomVideoTrack(this:0x7fb45c0131e0, videoSource:0x198dfb0)
[06/24/24 14:45:48:602][8356][A]:(00000014):   VideoFrameAdapter::setOutputFormat(this:0x7fb45c578660, format:(width:960, height:540, fps:15))
[06/24/24 14:45:48:602][8356][A]:(00000015):   LocalVideoTrackImpl::setEnabled(this:0x1997400, enable:0)
[06/24/24 14:45:48:602][8356][A]:(00000016): RtcConnectionImpl::registerObserver(this:0x18ffa30, observer:0x19dde70)
[06/24/24 14:45:48:602][8356][A]:(00000017): RtcConnectionImpl::connect(this:0x18ffa30, token:"a****3", channelId:"agora", userId:"0")
[06/24/24 14:45:48:604][8356][A]:(00000018): LocalUserImpl::setPlaybackAudioFrameBeforeMixingParameters(this:0x7fb45c307700, numberOfChannels:1, sampleRateHz:16000)
[06/24/24 14:45:48:604][8361][A]:(00000019): RtcConnectionImpl::stopLastmileProbeTest(this:0x18ffa30, void)
[06/24/24 14:45:48:604][8361][A]:(00000020): RtcConnectionImpl::setConnectionState(this:0x18ffa30, state: 2)
[06/24/24 14:45:48:604][8361][A]:(00000021): LegacyEventProxy::onConnectionStateChanged->onConnecting(this:0x198e950, channel:"agora", userId:"0", reason:0)
[06/24/24 14:45:48:606][8356][A]:(00000022): LocalUserImpl::registerAudioFrameObserver(this:0x7fb45c307700, observer:0x19ddc10)
[06/24/24 14:45:48:606][8361][A]:(00000023): LocalVideoTrackImpl::SetVideoEncoderConfigurationInternal(this:0x1997400, config:(codecType:2, dimensions:(width:352, height:288), frameRate:25, bitrate:146800, minBitrate:14680, orientationMode:0, degradationPreference:0, compressionPreference:0, encodingPreference:-1 priority:3))
[06/24/24 14:45:48:607][8361][A]:(00000024):   VideoFrameAdapter::setOutputFormat(this:0x7fb45c578660, format:(width:352, height:288, fps:25))
[06/24/24 14:45:48:607][8356][A]:(00000025): LocalAudioTrackPcmImpl::setEnabled(this:0x19989e0, enable:1)
[06/24/24 14:45:48:608][8361][A]:(00000026): LocalAudioTrackImpl::setEnabled(this:0x19989e0, enable: 1)
[06/24/24 14:45:48:608][8356][A]:(00000027): LocalUserImpl::publishAudio(this:0x7fb45c307700, audioTrack:0x19989e0, this 0x7fb45c307700 )
[06/24/24 14:45:48:609][8361][A]:(00000028): LocalAudioTrackImpl::attach(this:0x19989e0, sourceId: 3147431818)
[06/24/24 14:45:48:609][8356][A]:(00000029): LocalVideoTrackImpl::setEnabled(this:0x1997400, enable:1)
[06/24/24 14:45:48:610][8361][A]:(00000030): VideoFrameWatermarker::onSinkWantsChanged(this:0x7fb45c576570, rotation_applied:0, black_frames: 0, max_pixel_count: 2147483647, target_pixel_count: 0, max_framerate_fps: 2147483647)
[06/24/24 14:45:48:610][8361][A]:(00000031): VideoFrameWatermarker::onSinkWantsChanged(this:0x7fb45c576570, rotation_applied:0, black_frames: 0, max_pixel_count: 2147483647, target_pixel_count: 0, max_framerate_fps: 2147483647)
[06/24/24 14:45:48:610][8361][A]:(00000032): VideoFrameWatermarker::onSinkWantsChanged(this:0x7fb45c576570, rotation_applied:0, black_frames: 0, max_pixel_count: 2147483647, target_pixel_count: 0, max_framerate_fps: 2147483647)
[06/24/24 14:45:48:610][8361][A]:(00000033): VideoFrameWatermarker::onSinkWantsChanged(this:0x7fb45c576910, rotation_applied:0, black_frames: 0, max_pixel_count: 2147483647, target_pixel_count: 0, max_framerate_fps: 2147483647)
[06/24/24 14:45:48:610][8361][A]:(00000034): VideoFrameWatermarker::onSinkWantsChanged(this:0x7fb45c576570, rotation_applied:0, black_frames: 0, max_pixel_count: 2147483647, target_pixel_count: 0, max_framerate_fps: 2147483647)
[06/24/24 14:45:48:610][8356][A]:(00000035): LocalUserImpl::publishVideo(this:0x7fb45c307700, videoTrack:0x1997400)
[06/24/24 14:45:48:613][8361][A]:(00000036): VideoFrameWatermarker::onSinkWantsChanged(this:0x7fb45c576910, rotation_applied:0, black_frames: 0, max_pixel_count: 2147483647, target_pixel_count: 0, max_framerate_fps: 2147483647)
[06/24/24 14:45:48:613][8361][A]:(00000037): VideoFrameWatermarker::onSinkWantsChanged(this:0x7fb45c576570, rotation_applied:0, black_frames: 0, max_pixel_count: 2147483647, target_pixel_count: 0, max_framerate_fps: 2147483647)
[06/24/24 14:45:48:613][8421][A]:(00000038): VideoFrameWatermarker::onSinkWantsChanged(this:0x7fb45c576910, rotation_applied:0, black_frames: 0, max_pixel_count: 2147483647, target_pixel_count: 0, max_framerate_fps: 2147483647)
[06/24/24 14:45:48:613][8421][A]:(00000039): VideoFrameWatermarker::onSinkWantsChanged(this:0x7fb45c576570, rotation_applied:0, black_frames: 0, max_pixel_count: 2147483647, target_pixel_count: 0, max_framerate_fps: 2147483647)
[06/24/24 14:45:48:613][8361][A]:(00000040): VideoFrameAdapter::setOutputFormat(this:0x7fb45c578660, format:(width:352, height:288, fps:25))
[06/24/24 14:45:48:613][8361][A]:(00000041): VideoFrameWatermarker::onSinkWantsChanged(this:0x7fb45c576910, rotation_applied:0, black_frames: 0, max_pixel_count: 2147483647, target_pixel_count: 0, max_framerate_fps: 2147483647)
[06/24/24 14:45:48:613][8361][A]:(00000042): VideoFrameWatermarker::onSinkWantsChanged(this:0x7fb45c576570, rotation_applied:0, black_frames: 0, max_pixel_count: 2147483647, target_pixel_count: 0, max_framerate_fps: 2147483647)
[06/24/24 14:45:48:614][8356][A]:(00000043): AudioPcmDataSenderImpl::sendAudioPcmDataEx(this:0x199bb90, audio_data:0x7fb468db5a28, capture_timestamp:0, samples_per_channel:160, bytes_per_sample:2, number_of_channels:1, sample_rate:16000, audio_track_number:0)
[06/24/24 14:45:48:614][8356][A]:(00000044): AudioPcmDataSenderImpl::sendAudioPcmDataEx(this:0x199bb90, audio_data:0x7fb468db5b90, capture_timestamp:0, samples_per_channel:160, bytes_per_sample:2, number_of_channels:1, sample_rate:16000, audio_track_number:0)
[06/24/24 14:45:48:614][8356][A]:(00000045): AudioPcmDataSenderImpl::sendAudioPcmDataEx(this:0x199bb90, ... (ignore to avoid too many logs))
[06/24/24 14:45:48:633][8361][A]:(00000046): RtcEngine::setParametersByTds(this:0x7fb45c283c70, {"parameters":{"rtc.enable_xdump":true,"rtc.enable_xdump_file":true,"rtc.enable_xdump_upload":true}})
[06/24/24 14:45:48:633][8361][A]:(00000047): RtcEngine::setParametersByTds(this:0x7fb45c283c70, {"parameters":{"rtc.log_encryption":false,"rtc.log_encryption_mode":0,"rtc.log_encryption_salt":""}})
[06/24/24 14:45:48:633][8361][A]:(00000048): RtcEngine::setParametersByTds(this:0x7fb45c283c70, {"parameters":{"rtm.login_with_config":true}})
[06/24/24 14:45:48:633][8361][A]:(00000049): RtcEngine::setParametersByTds(this:0x7fb45c283c70, {"parameters":{"AUDIO_VOLUME_INDICATION_INTERVAL":3001}})
[06/24/24 14:45:48:633][8361][A]:(00000050): RtcEngine::setParametersByTds(this:0x7fb45c283c70, {"parameters":{"rtc.log_encryption":false,"rtc.log_encryption_mode":1,"rtc.log_encryption_salt":"aabcdz"}})
[06/24/24 14:45:48:633][8361][A]:(0000[06/24/24 14:46:38:709][9095][A]:(00000004): AgoraService::createRtcConnection(this:0x7fa514012fc0, cfg:(autoSubscribeAudio:1, autoSubscribeVideo:0, enableAudioRecordingOrPlayout:1,maxSendBitrate:-1, minPort:0, maxPort:0, clientRoleType:1), connId:0)
[06/24/24 14:46:38:709][9095][A]:(00000005):   RtcConnectionImpl::initializeEx(this:0x21bba30, serviceCfg:(enableAudioProcessor:1, enableAudioDevice:0, enableVideo:0, context:(nil)), cfg:(autoSubscribeAudio:1, autoSubscribeVideo:0, enableAudioRecordingOrPlayout:0, maxSendBitrate:-1, minPort:0, maxPort:0, clientRoleType:2, clientType:0, channelProfile:1, vosList.size:0, recvType:(audio: 0, video: 0)))
[06/24/24 14:46:38:711][9098][A]:(00000006): LegacyEventProxy::onClientRoleChanged->onChangeRoleSuccess(this:0x224a370, oldRole:2, newRole:1, newRoleLatencyLevel:2)
[06/24/24 14:46:38:713][9098][A]:(00000007): RtcConnectionImpl::getUserRole(this:0x21bba30, void)
[06/24/24 14:46:38:714][9098][A]:(00000008): RtcConnectionImpl::subscribeReceivePacketHandler(this:0x21bba30, void)
[06/24/24 14:46:38:715][9095][A]:(00000009): AgoraService::createMediaNodeFactory(this:0x7fa514012fc0, void)
[06/24/24 14:46:38:715][9095][A]:(00000010): MediaNodeFactoryImpl::createAudioPcmDataSender(this:0x7fa51401b5b0, void)
[06/24/24 14:46:38:715][9095][A]:(00000011): AgoraService::createCustomAudioTrack(this:0x7fa514012fc0, audioSource:0x22543d0)
[06/24/24 14:46:38:715][9095][A]:(00000012): MediaNodeFactoryImpl::createVideoFrameSender(this:0x7fa51401b5b0, void)
[06/24/24 14:46:38:715][9095][A]:(00000013): AgoraService::createCustomVideoTrack(this:0x7fa514012fc0, videoSource:0x2249fb0)
[06/24/24 14:46:38:715][9095][A]:(00000014):   VideoFrameAdapter::setOutputFormat(this:0x7fa51455d650, format:(width:960, height:540, fps:15))
[06/24/24 14:46:38:716][9095][A]:(00000015):   LocalVideoTrackImpl::setEnabled(this:0x2253650, enable:0)
[06/24/24 14:46:38:716][9095][A]:(00000016): RtcConnectionImpl::registerObserver(this:0x21bba30, observer:0x2299940)
[06/24/24 14:46:38:716][9095][A]:(00000017): RtcConnectionImpl::connect(this:0x21bba30, token:"a****3", channelId:"agora", userId:"0")
[06/24/24 14:46:38:717][9095][A]:(00000018): LocalUserImpl::setPlaybackAudioFrameBeforeMixingParameters(this:0x7fa5142fdee0, numberOfChannels:1, sampleRateHz:16000)
[06/24/24 14:46:38:717][9098][A]:(00000019): RtcConnectionImpl::stopLastmileProbeTest(this:0x21bba30, void)
[06/24/24 14:46:38:717][9098][A]:(00000020): RtcConnectionImpl::setConnectionState(this:0x21bba30, state: 2)
[06/24/24 14:46:38:717][9098][A]:(00000021): LegacyEventProxy::onConnectionStateChanged->onConnecting(this:0x224a370, channel:"agora", userId:"0", reason:0)
[06/24/24 14:46:38:718][9095][A]:(00000022): LocalUserImpl::registerAudioFrameObserver(this:0x7fa5142fdee0, observer:0x22996e0)
[06/24/24 14:46:38:719][9098][A]:(00000023): LocalVideoTrackImpl::SetVideoEncoderConfigurationInternal(this:0x2253650, config:(codecType:2, dimensions:(width:352, height:288), frameRate:25, bitrate:146800, minBitrate:14680, orientationMode:0, degradationPreference:0, compressionPreference:0, encodingPreference:-1 priority:3))
[06/24/24 14:46:38:719][9098][A]:(00000024):   VideoFrameAdapter::setOutputFormat(this:0x7fa51455d650, format:(width:352, height:288, fps:25))
[06/24/24 14:46:38:719][9095][A]:(00000025): LocalAudioTrackPcmImpl::setEnabled(this:0x2257da0, enable:1)
[06/24/24 14:46:38:719][9098][A]:(00000026): LocalAudioTrackImpl::setEnabled(this:0x2257da0, enable: 1)
[06/24/24 14:46:38:719][9095][A]:(00000027): LocalUserImpl::publishAudio(this:0x7fa5142fdee0, audioTrack:0x2257da0, this 0x7fa5142fdee0 )
[06/24/24 14:46:38:720][9098][A]:(00000028): LocalAudioTrackImpl::attach(this:0x2257da0, sourceId: 3147431818)
[06/24/24 14:46:38:720][9095][A]:(00000029): LocalVideoTrackImpl::setEnabled(this:0x2253650, enable:1)
[06/24/24 14:46:38:720][9098][A]:(00000030): VideoFrameWatermarker::onSinkWantsChanged(this:0x7fa51455b4f0, rotation_applied:0, black_frames: 0, max_pixel_count: 2147483647, target_pixel_count: 0, max_framerate_fps: 2147483647)
[06/24/24 14:46:38:720][9098][A]:(00000031): VideoFrameWatermarker::onSinkWantsChanged(this:0x7fa51455b4f0, rotation_applied:0, black_frames: 0, max_pixel_count: 2147483647, target_pixel_count: 0, max_framerate_fps: 2147483647)
[06/24/24 14:46:38:720][9098][A]:(00000032): VideoFrameWatermarker::onSinkWantsChanged(this:0x7fa51455b4f0, rotation_applied:0, black_frames: 0, max_pixel_count: 2147483647, target_pixel_count: 0, max_framerate_fps: 2147483647)
[06/24/24 14:46:38:720][9098][A]:(00000033): VideoFrameWatermarker::onSinkWantsChanged(this:0x7fa51455b8e0, rotation_applied:0, black_frames: 0, max_pixel_count: 2147483647, target_pixel_count: 0, max_framerate_fps: 2147483647)
[06/24/24 14:46:38:720][9098][A]:(00000034): VideoFrameWatermarker::onSinkWantsChanged(this:0x7fa51455b4f0, rotation_applied:0, black_frames: 0, max_pixel_count: 2147483647, target_pixel_count: 0, max_framerate_fps: 2147483647)
[06/24/24 14:46:38:720][9095][A]:(00000035): LocalUserImpl::publishVideo(this:0x7fa5142fdee0, videoTrack:0x2253650)
[06/24/24 14:46:38:722][9098][A]:(00000036): VideoFrameWatermarker::onSinkWantsChanged(this:0x7fa51455b8e0, rotation_applied:0, black_frames: 0, max_pixel_count: 2147483647, target_pixel_count: 0, max_framerate_fps: 2147483647)
[06/24/24 14:46:38:722][9098][A]:(00000037): VideoFrameWatermarker::onSinkWantsChanged(this:0x7fa51455b4f0, rotation_applied:0, black_frames: 0, max_pixel_count: 2147483647, target_pixel_count: 0, max_framerate_fps: 2147483647)
[06/24/24 14:46:38:722][9140][A]:(00000038): VideoFrameWatermarker::onSinkWantsChanged(this:0x7fa51455b8e0, rotation_applied:0, black_frames: 0, max_pixel_count: 2147483647, target_pixel_count: 0, max_framerate_fps: 2147483647)
[06/24/24 14:46:38:722][9140][A]:(00000039): VideoFrameWatermarker::onSinkWantsChanged(this:0x7fa51455b4f0, rotation_applied:0, black_frames: 0, max_pixel_count: 2147483647, target_pixel_count: 0, max_framerate_fps: 2147483647)
[06/24/24 14:46:38:722][9098][A]:(00000040): VideoFrameAdapter::setOutputFormat(this:0x7fa51455d650, format:(width:352, height:288, fps:25))
[06/24/24 14:46:38:722][9098][A]:(00000041): VideoFrameWatermarker::onSinkWantsChanged(this:0x7fa51455b8e0, rotation_applied:0, black_frames: 0, max_pixel_count: 2147483647, target_pixel_count: 0, max_framerate_fps: 2147483647)
[06/24/24 14:46:38:722][9098][A]:(00000042): VideoFrameWatermarker::onSinkWantsChanged(this:0x7fa51455b4f0, rotation_applied:0, black_frames: 0, max_pixel_count: 2147483647, target_pixel_count: 0, max_framerate_fps: 2147483647)
[06/24/24 14:46:38:750][9098][A]:(00000043): RtcEngine::setParametersByTds(this:0x7fa514285c00, {"parameters":{"rtc.enable_xdump":true,"rtc.enable_xdump_file":true,"rtc.enable_xdump_upload":true}})
[06/24/24 14:46:38:751][9098][A]:(00000044): RtcEngine::setParametersByTds(this:0x7fa514285c00, {"parameters":{"rtc.log_encryption":false,"rtc.log_encryption_mode":0,"rtc.log_encryption_salt":""}})
[06/24/24 14:46:38:751][9098][A]:(00000045): RtcEngine::setParametersByTds(this:0x7fa514285c00, {"parameters":{"rtm.login_with_config":true}})
[06/24/24 14:46:38:752][9098][A]:(00000046): RtcEngine::setParametersByTds(this:0x7fa514285c00, {"parameters":{"AUDIO_VOLUME_INDICATION_INTERVAL":3001}})
[06/24/24 14:46:38:752][9098][A]:(00000047): RtcEngine::setParametersByTds(this:0x7fa514285c00, {"parameters":{"rtc.log_encryption":false,"rtc.log_encryption_mode":1,"rtc.log_encryption_salt":"aabcdz"}})
[06/24/24 14:46:38:752][9098][A]:(00000048): RtcEngine::setParametersByTds(this:0x7fa514285c00, {"parameters":{"rtc.ip_global_area":["101.251.217.28","120.92.182.222","182.61.143.198","2408:4005:36d:1303:2d8c:443e:f22b:4d0d","2408:400a:4d:e404:cef9:28eb:8f2c:546a"]}})
[06/24/24 14:46:38:752][9098][A]:(00000049): RtcEngine::setParametersByTds(this:0x7fa514285c00, {"parameters":{"WEBSOCKET_COMPRESS":false}})
[06/24/24 14:46:38:752][9098][A]:(00000050): RtcEngine::setParametersByTds(this:0x7fa514285c00, {"parameters":{"uplink":{"max_bitrate":4000,"min_bitrate":400}}})
[06/24/24 14:46:38:752][9098][A]:(00000051): RtcEngine::setParametersByTds(this:0x7fa514285c00, {"parameters":{"rtc.max_sub_peers":200}})
[06/24/24 14:46:38:752][9098][A]:(00000052): RtcEngine::setParametersByTds(this:0x7fa514285c00, {"parameters":{"che.audio.sf.nlpHbandAgg":1}})
[06/24/24 14:47:19:431][9568][A]:(00000004): AgoraService::createRtcConnection(this:0x7f5f98013160, cfg:(autoSubscribeAudio:1, autoSubscribeVideo:0, enableAudioRecordingOrPlayout:1,maxSendBitrate:-1, minPort:0, maxPort:0, clientRoleType:1), connId:0)
[06/24/24 14:47:19:431][9568][A]:(00000005):   RtcConnectionImpl::initializeEx(this:0x1a97a30, serviceCfg:(enableAudioProcessor:1, enableAudioDevice:0, enableVideo:0, context:(nil)), cfg:(autoSubscribeAudio:1, autoSubscribeVideo:0, enableAudioRecordingOrPlayout:0, maxSendBitrate:-1, minPort:0, maxPort:0, clientRoleType:2, clientType:0, channelProfile:1, vosList.size:0, recvType:(audio: 0, video: 0)))
[06/24/24 14:47:19:434][9571][A]:(00000006): LegacyEventProxy::onClientRoleChanged->onChangeRoleSuccess(this:0x1b26670, oldRole:2, newRole:1, newRoleLatencyLevel:2)
[06/24/24 14:47:19:438][9571][A]:(00000007): RtcConnectionImpl::getUserRole(this:0x1a97a30, void)
[06/24/24 14:47:19:439][9571][A]:(00000008): RtcConnectionImpl::subscribeReceivePacketHandler(this:0x1a97a30, void)
[06/24/24 14:47:19:442][9568][A]:(00000009): AgoraService::createMediaNodeFactory(this:0x7f5f98013160, void)
[06/24/24 14:47:19:442][9568][A]:(00000010): MediaNodeFactoryImpl::createAudioPcmDataSender(this:0x7f5f9801b760, void)
[06/24/24 14:47:19:442][9568][A]:(00000011): AgoraService::createCustomAudioTrack(this:0x7f5f98013160, audioSource:0x1b307e0)
[06/24/24 14:47:19:443][9568][A]:(00000012): MediaNodeFactoryImpl::createVideoFrameSender(this:0x7f5f9801b760, void)
[06/24/24 14:47:19:443][9568][A]:(00000013): AgoraService::createCustomVideoTrack(this:0x7f5f98013160, videoSource:0x1b26540)
[06/24/24 14:47:19:451][9568][A]:(00000014):   VideoFrameAdapter::setOutputFormat(this:0x7f5f985597f0, format:(width:960, height:540, fps:15))
[06/24/24 14:47:19:451][9568][A]:(00000015):   LocalVideoTrackImpl::setEnabled(this:0x1b2fa00, enable:0)
[06/24/24 14:47:19:451][9568][A]:(00000016): RtcConnectionImpl::registerObserver(this:0x1a97a30, observer:0x1b75be0)
[06/24/24 14:47:19:451][9568][A]:(00000017): RtcConnectionImpl::connect(this:0x1a97a30, token:"a****3", channelId:"agora", userId:"0")
[06/24/24 14:47:19:452][9568][A]:(00000018): LocalUserImpl::setPlaybackAudioFrameBeforeMixingParameters(this:0x7f5f982ed850, numberOfChannels:1, sampleRateHz:16000)
[06/24/24 14:47:19:452][9571][A]:(00000019): RtcConnectionImpl::stopLastmileProbeTest(this:0x1a97a30, void)
[06/24/24 14:47:19:453][9571][A]:(00000020): RtcConnectionImpl::setConnectionState(this:0x1a97a30, state: 2)
[06/24/24 14:47:19:453][9571][A]:(00000021): LegacyEventProxy::onConnectionStateChanged->onConnecting(this:0x1b26670, channel:"agora", userId:"0", reason:0)
[06/24/24 14:47:19:455][9568][A]:(00000022): LocalUserImpl::registerAudioFrameObserver(this:0x7f5f982ed850, observer:0x1b75c10)
[06/24/24 14:47:19:455][9571][A]:(00000023): LocalVideoTrackImpl::SetVideoEncoderConfigurationInternal(this:0x1b2fa00, config:(codecType:2, dimensions:(width:352, height:288), frameRate:25, bitrate:146800, minBitrate:14680, orientationMode:0, degradationPreference:0, compressionPreference:0, encodingPreference:-1 priority:3))
[06/24/24 14:47:19:456][9571][A]:(00000024):   VideoFrameAdapter::setOutputFormat(this:0x7f5f985597f0, format:(width:352, height:288, fps:25))
[06/24/24 14:47:19:456][9568][A]:(00000025): LocalAudioTrackPcmImpl::setEnabled(this:0x1b339b0, enable:1)
[06/24/24 14:47:19:456][9571][A]:(00000026): LocalAudioTrackImpl::setEnabled(this:0x1b339b0, enable: 1)
[06/24/24 14:47:19:456][9568][A]:(00000027): LocalUserImpl::publishAudio(this:0x7f5f982ed850, audioTrack:0x1b339b0, this 0x7f5f982ed850 )
[06/24/24 14:47:19:457][9571][A]:(00000028): LocalAudioTrackImpl::attach(this:0x1b339b0, sourceId: 3147431818)
[06/24/24 14:47:19:457][9568][A]:(00000029): LocalVideoTrackImpl::setEnabled(this:0x1b2fa00, enable:1)
[06/24/24 14:47:19:457][9571][A]:(00000030): VideoFrameWatermarker::onSinkWantsChanged(this:0x7f5f98557730, rotation_applied:0, black_frames: 0, max_pixel_count: 2147483647, target_pixel_count: 0, max_framerate_fps: 2147483647)
[06/24/24 14:47:19:457][9571][A]:(000[06/24/24 14:47:41:081][9837][A]:(00000004): AgoraService::createRtcConnection(this:0x7f68e40131e0, cfg:(autoSubscribeAudio:1, autoSubscribeVideo:0, enableAudioRecordingOrPlayout:1,maxSendBitrate:-1, minPort:0, maxPort:0, clientRoleType:1), connId:0)
[06/24/24 14:47:41:081][9837][A]:(00000005):   RtcConnectionImpl::initializeEx(this:0xce8a30, serviceCfg:(enableAudioProcessor:1, enableAudioDevice:0, enableVideo:0, context:(nil)), cfg:(autoSubscribeAudio:1, autoSubscribeVideo:0, enableAudioRecordingOrPlayout:0, maxSendBitrate:-1, minPort:0, maxPort:0, clientRoleType:2, clientType:0, channelProfile:1, vosList.size:0, recvType:(audio: 0, video: 0)))
[06/24/24 14:47:41:085][9840][A]:(00000006): LegacyEventProxy::onClientRoleChanged->onChangeRoleSuccess(this:0xd77d10, oldRole:2, newRole:1, newRoleLatencyLevel:2)
[06/24/24 14:47:41:086][9840][A]:(00000007): RtcConnectionImpl::getUserRole(this:0xce8a30, void)
[06/24/24 14:47:41:087][9840][A]:(00000008): RtcConnectionImpl::subscribeReceivePacketHandler(this:0xce8a30, void)
[06/24/24 14:47:41:089][9837][A]:(00000009): AgoraService::createMediaNodeFactory(this:0x7f68e40131e0, void)
[06/24/24 14:47:41:089][9837][A]:(00000010): MediaNodeFactoryImpl::createAudioPcmDataSender(this:0x7f68e401b7e0, void)
[06/24/24 14:47:41:089][9837][A]:(00000011): AgoraService::createCustomAudioTrack(this:0x7f68e40131e0, audioSource:0xd85180)
[06/24/24 14:47:41:089][9837][A]:(00000012): MediaNodeFactoryImpl::createVideoFrameSender(this:0x7f68e401b7e0, void)
[06/24/24 14:47:41:089][9837][A]:(00000013): AgoraService::createCustomVideoTrack(this:0x7f68e40131e0, videoSource:0xd78090)
[06/24/24 14:47:41:090][9837][A]:(00000014):   VideoFrameAdapter::setOutputFormat(this:0x7f68e456c0d0, format:(width:960, height:540, fps:15))
[06/24/24 14:47:41:090][9837][A]:(00000015):   LocalVideoTrackImpl::setEnabled(this:0xd80990, enable:0)
[06/24/24 14:47:41:090][9837][A]:(00000016): RtcConnectionImpl::registerObserver(this:0xce8a30, observer:0xdc71c0)
[06/24/24 14:47:41:090][9837][A]:(00000017): RtcConnectionImpl::connect(this:0xce8a30, token:"a****3", channelId:"agora", userId:"0")
[06/24/24 14:47:41:092][9837][A]:(00000018): LocalUserImpl::setPlaybackAudioFrameBeforeMixingParameters(this:0x7f68e4301c20, numberOfChannels:1, sampleRateHz:16000)
[06/24/24 14:47:41:092][9840][A]:(00000019): RtcConnectionImpl::stopLastmileProbeTest(this:0xce8a30, void)
[06/24/24 14:47:41:093][9840][A]:(00000020): RtcConnectionImpl::setConnectionState(this:0xce8a30, state: 2)
[06/24/24 14:47:41:093][9840][A]:(00000021): LegacyEventProxy::onConnectionStateChanged->onConnecting(this:0xd77d10, channel:"agora", userId:"0", reason:0)
[06/24/24 14:47:41:093][9837][A]:(00000022): LocalUserImpl::registerAudioFrameObserver(this:0x7f68e4301c20, observer:0xdc7040)
[06/24/24 14:47:41:095][9840][A]:(00000023): LocalVideoTrackImpl::SetVideoEncoderConfigurationInternal(this:0xd80990, config:(codecType:2, dimensions:(width:352, height:288), frameRate:25, bitrate:146800, minBitrate:14680, orientationMode:0, degradationPreference:0, compressionPreference:0, encodingPreference:-1 priority:3))
[06/24/24 14:47:41:096][9840][A]:(00000024):   VideoFrameAdapter::setOutputFormat(this:0x7f68e456c0d0, format:(width:352, height:288, fps:25))
[06/24/24 14:47:41:096][9837][A]:(00000025): LocalAudioTrackPcmImpl::setEnabled(this:0xd84d40, enable:1)
[06/24/24 14:47:41:096][9840][A]:(00000026): LocalAudioTrackImpl::setEnabled(this:0xd84d40, enable: 1)
[06/24/24 14:47:41:096][9837][A]:(00000027): LocalUserImpl::publishAudio(this:0x7f68e4301c20, audioTrack:0xd84d40, this 0x7f68e4301c20 )
[06/24/24 14:47:41:097][9840][A]:(00000028): LocalAudioTrackImpl::attach(this:0xd84d40, sourceId: 3147431818)
[06/24/24 14:47:41:097][9837][A]:(00000029): LocalVideoTrackImpl::setEnabled(this:0xd80990, enable:1)
[06/24/24 14:47:41:097][9840][A]:(00000030): VideoFrameWatermarker::onSinkWantsChanged(this:0x7f68e4569f70, rotation_applied:0, black_frames: 0, max_pixel_count: 2147483647, target_pixel_count: 0, max_framerate_fps: 2147483647)
[06/24/24 14:47:41:097][9840][A]:(00000031): VideoFrameWa[06/24/24 14:47:58:976][10425][A]:(00000004): AgoraService::createRtcConnection(this:0x7f3a4c0131e0, cfg:(autoSubscribeAudio:1, autoSubscribeVideo:0, enableAudioRecordingOrPlayout:1,maxSendBitrate:-1, minPort:0, maxPort:0, clientRoleType:1), connId:0)
[06/24/24 14:47:58:976][10425][A]:(00000005):   RtcConnectionImpl::initializeEx(this:0x15bea30, serviceCfg:(enableAudioProcessor:1, enableAudioDevice:0, enableVideo:0, context:(nil)), cfg:(autoSubscribeAudio:1, autoSubscribeVideo:0, enableAudioRecordingOrPlayout:0, maxSendBitrate:-1, minPort:0, maxPort:0, clientRoleType:2, clientType:0, channelProfile:1, vosList.size:0, recvType:(audio: 0, video: 0)))
[06/24/24 14:47:58:979][10430][A]:(00000006): LegacyEventProxy::onClientRoleChanged->onChangeRoleSuccess(this:0x164b2b0, oldRole:2, newRole:1, newRoleLatencyLevel:2)
[06/24/24 14:47:59:018][10430][A]:(00000007): RtcConnectionImpl::getUserRole(this:0x15bea30, void)
[06/24/24 14:47:59:042][10430][A]:(00000008): RtcConnectionImpl::subscribeReceivePacketHandler(this:0x15bea30, void)
[06/24/24 14:47:59:064][10425][A]:(00000009): AgoraService::createMediaNodeFactory(this:0x7f3a4c0131e0, void)
[06/24/24 14:47:59:064][10425][A]:(00000010): MediaNodeFactoryImpl::createAudioPcmDataSender(this:0x7f3a4c01b8d0, void)
[06/24/24 14:47:59:064][10425][A]:(00000011): AgoraService::createCustomAudioTrack(this:0x7f3a4c0131e0, audioSource:0x1658fc0)
[06/24/24 14:47:59:065][10425][A]:(00000012): MediaNodeFactoryImpl::createVideoFrameSender(this:0x7f3a4c01b8d0, void)
[06/24/24 14:47:59:065][10425][A]:(00000013): AgoraService::createCustomVideoTrack(this:0x7f3a4c0131e0, videoSource:0x164bb60)
[06/24/24 14:47:59:104][10430][A]:(00000014): RtcEngine::setParametersByTds(this:0x7f3a4c0b55c0, {"parameters":{"rtc.enable_xdump":true,"rtc.enable_xdump_file":true,"rtc.enable_xdump_upload":true}})
[06/24/24 14:47:59:108][10430][A]:(00000015): RtcEngine::setParametersByTds(this:0x7f3a4c0b55c0, {"parameters":{"rtc.log_encryption":false,"rtc.log_encryption_mode":0,"rtc.log_encryption_salt":""}})
[06/24/24 14:47:59:108][10430][A]:(00000016): RtcEngine::setParametersByTds(this:0x7f3a4c0b55c0, {"parameters":{"rtm.login_with_config":true}})
[06/24/24 14:47:59:108][10430][A]:(00000017): RtcEngine::setParametersByTds(this:0x7f3a4c0b55c0, {"parameters":{"AUDIO_VOLUME_INDICATION_INTERVAL":3001}})
[06/24/24 14:47:59:108][10430][A]:(00000018): RtcEngine::setParametersByTds(this:0x7f3a4c0b55c0, {"parameters":{"rtc.log_encryption":false,"rtc.log_encryption_mode":1,"rtc.log_encryption_salt":"aabcdz"}})
[06/24/24 14:47:59:109][10430][A]:(00000019): RtcEngine::setParametersByTds(this:0x7f3a4c0b55c0, {"parameters":{"rtc.ip_global_area":["101.251.217.28","120.92.182.222","182.61.143.198","2408:4005:36d:1303:2d8c:443e:f22b:4d0d","2408:400a:4d:e404:cef9:28eb:8f2c:546a"]}})
[06/24/24 14:47:59:109][10430][A]:(00000020): RtcEngine::setParametersByTds(this:0x7f3a4c0b55c0, {"parameters":{"WEBSOCKET_COMPRESS":false}})
[06/24/24 14:47:59:109][10430][A]:(00000021): RtcEngine::setParametersByTds(this:0x7f3a4c0b55c0, {"parameters":{"uplink":{"max_bitrate":4000,"min_bitrate":400}}})
[06/24/24 14:47:59:109][10430][A]:(00000022): RtcEngine::setParametersByTds(this:0x7f3a4c0b55c0, {"parameters":{"rtc.max_sub_peers":200}})
[06/24/24 14:47:59:109][10430][A]:(00000023): RtcEngine::setParametersByTds(this:0x7f3a4c0b55c0, {"parameters":{"che.audio.sf.nlpHbandAgg":1}})
[06/24/24 14:47:59:113][10425][A]:(00000024):   VideoFrameAdapter::setOutputFormat(this:0x7f3a4c52c670, format:(width:960, height:540, fps:15))
[06/24/24 14:47:59:113][10425][A]:(00000025):   LocalVideoTrackImpl::setEnabled(this:0x1654940, enable:0)
[06/24/24 14:47:59:113][10425][A]:(00000026): RtcConnectionImpl::registerObserver(this:0x15bea30, observer:0x169aa70)
[06/24/24 14:47:59:113][10425][A]:(00000027): RtcConnectionImpl::connect(this:0x15bea30, token:"a****3", channelId:"agora", userId:"0")
[06/24/24 14:47:59:147][10425][A]:(00000028): LocalUserImpl::setPlaybackAudioFrameBeforeMixingParameters(this:0x7f3a4c28bb10, numberOfChannels:1, sampleRateHz:16000)
[06/24/24 14:47:59:148][10430][A]:(00000029): RtcConnectionImpl::stopLastmileProbeTest(this:0x15bea30, void)
[06/24/24 14:47:59:149][10430][A]:(00000030): RtcConnectionImpl::setConnectionState(this:0x15bea30, state: 2)
[06/24/24 14:47:59:149][10430][A]:(00000031): LegacyEventProxy::onConnectionStateChanged->onConnecting(this:0x164b2b0, channel:"agora", userId:"0", reason:0)
[06/24/24 14:47:59:158][10425][A]:(00000032): LocalUserImpl::registerAudioFrameObserver(this:0x7f3a4c28bb10, observer:0x169a9c0)
[06/24/24 14:47:59:159][10430][A]:(00000033): LocalVideoTrackImpl::SetVideoEncoderConfigurationInternal(this:0x1654940, config:(codecType:2, dimensions:(width:352, height:288), frameRate:25, bitrate:146800, minBitrate:14680, orientationMode:0, degradationPreference:0, compressionPreference:0, encodingPreference:-1 priority:3))
[06/24/24 14:47:59:159][10430][A]:(00000034):   VideoFrameAdapter::setOutputFormat(this:0x7f3a4c52c670, format:(width:352, height:288, fps:25))
[06/24/24 14:47:59:159][10425][A]:(00000035): LocalAudioTrackPcmImpl::setEnabled(this:0x1659c80, enable:1)
[06/24/24 14:47:59:160][10430][A]:(00000036): LocalAudioTrackImpl::setEnabled(this:0x1659c80, enable: 1)
[06/24/24 14:47:59:160][10425][A]:(00000037): LocalUserImpl::publishAudio(this:0x7f3a4c28bb10, audioTrack:0x1659c80, this 0x7f3a4c28bb10 )
[06/24/24 14:47:59:160][10430][A]:(00000038): LocalAudioTrackImpl::attach(this:0x1659c80, sourceId: 3147431818)
[06/24/24 14:47:59:161][10425][A]:(00000039): LocalVideoTrackImpl::setEnabled(this:0x1654940, enable:1)
[06/24/24 14:47:59:161][10430][A]:(00000040): VideoFrameWatermarker::onSinkWantsChanged(this:0x7f3a4c0d5b50, rotation_applied:0, black_frames: 0, max_pixel_count: 2147483647, target_pixel_count: 0, max_framerate_fps: 2147483647)
[06/24/24 14:47:59:161][10430][A]:(00000041): VideoFrameWatermarker::onSinkWantsChanged(this:0x7f3a4c0d5b50, rotation_applied:0, black_frames: 0, max_pixel_count: 2147483647, target_pixel_count: 0, max_framerate_fps: 2147483647)
[06/24/24 14:47:59:161][10430][A]:(00000042): VideoFrameWatermarker::onSinkWantsChanged(this:0x7f3a4c0d5b50, rotation_applied:0, black_frames: 0, max_pixel_count: 2147483647, target_pixel_count: 0, max_framerate_fps: 2147483647)
[06/24/24 14:47:59:161][10430][A]:(00000043): VideoFrameWatermarker::onSinkWantsChanged(this:0x7f3a4c4a5530, rotation_applied:0, black_frames: 0, max_pixel_count: 2147483647, target_pixel_count: 0, max_framerate_fps: 2147483647)
[06/24/24 14:47:59:161][10430][A]:(00000044): VideoFrameWatermarker::onSinkWantsChanged(this:0x7f3a4c0d5b50, rotation_applied:0, black_frames: 0, max_pixel_count: 2147483647, target_pixel_count: 0, max_framerate_fps: 2147483647)
[06/24/24 14:47:59:161][10425][A]:(00000045): LocalUserImpl::publishVideo(this:0x7f3a4c28bb10, videoTrack:0x1654940)
[06/24/24 14:47:59:187][10430][A]:(00000046): VideoFrameWatermarker::onSinkWantsChanged(this:0x7f3a4c4a5530, rotation_applied:0, black_frames: 0, max_pixel_count: 2147483647, target_pixel_count: 0, max_framerate_fps: 2147483647)
[06/24/24 14:47:59:187][10430][A]:(00000047): VideoFrameWatermarker::onSinkWantsChanged(this:0x7f3a4c0d5b50, rotation_applied:0, black_frames: 0, max_pixel_count: 2147483647, target_pixel_count: 0, max_framerate_fps: 2147483647)
[06/24/24 14:47:59:187][10490][A]:(00000048): VideoFrameWatermarker::onSinkWantsChanged(this:0x7f3a4c4a5530, rotation_applied:0, black_frames: 0, max_pixel_count: 2147483647, target_pixel_count: 0, max_framerate_fps: 2147483647)
[06/24/24 14:47:59:187][10490][A]:(00000049): VideoFrameWatermarker::onSinkWantsChanged(this:0x7f3a4c0d5b50, rotation_applied:0, black_frames: 0, max_pixel_count: 2147483647, target_pixel_count: 0, max_framerate_fps: 2147483647)
[06/24/24 14:47:59:187][10430][A]:(00000050): VideoFrameAdapter::setOutputFormat(this:0x7f3a4c52c670, format:(width:352, height:288, fps:25))
[06/24/24 14:47:59:202][10430][A]:(00000051): VideoFrameWatermarker::onSinkWantsChanged(this:0x7f3a4c4a5530, rotation_applied:0, black_frames: 0, max_pixel_count: 2147483647, target_pixel_count: 0, max_framerate_fps: 2147483647)
[06/24/24 14:47:59:202][10[06/24/24 14:48:42:853][11135][A]:(00000004): AgoraService::createRtcConnection(this:0x7f89e8013040, cfg:(autoSubscribeAudio:1, autoSubscribeVideo:0, enableAudioRecordingOrPlayout:1,maxSendBitrate:-1, minPort:0, maxPort:0, clientRoleType:1), connId:0)
[06/24/24 14:48:42:853][11135][A]:(00000005):   RtcConnectionImpl::initializeEx(this:0x212fa30, serviceCfg:(enableAudioProcessor:1, enableAudioDevice:0, enableVideo:0, context:(nil)), cfg:(autoSubscribeAudio:1, autoSubscribeVideo:0, enableAudioRecordingOrPlayout:0, maxSendBitrate:-1, minPort:0, maxPort:0, clientRoleType:2, clientType:0, channelProfile:1, vosList.size:0, recvType:(audio: 0, video: 0)))
[06/24/24 14:48:42:854][11138][A]:(00000006): LegacyEventProxy::onClientRoleChanged->onChangeRoleSuccess(this:0x21bc430, oldRole:2, newRole:1, newRoleLatencyLevel:2)
[06/24/24 14:48:42:856][11138][A]:(00000007): RtcConnectionImpl::getUserRole(this:0x212fa30, void)
[06/24/24 14:48:42:857][11138][A]:(00000008): RtcConnectionImpl::subscribeReceivePacketHandler(this:0x212fa30, void)
[06/24/24 14:48:42:859][11135][A]:(00000009): AgoraService::createMediaNodeFactory(this:0x7f89e8013040, void)
[06/24/24 14:48:42:859][11135][A]:(00000010): MediaNodeFactoryImpl::createAudioPcmDataSender(this:0x7f89e801b630, void)
[06/24/24 14:48:42:859][11135][A]:(00000011): AgoraService::createCustomAudioTrack(this:0x7f89e8013040, audioSource:0x21c69e0)
[06/24/24 14:48:42:859][11135][A]:(00000012): MediaNodeFactoryImpl::createVideoFrameSender(this:0x7f89e801b630, void)
[06/24/24 14:48:42:859][11135][A]:(00000013): AgoraService::createCustomVideoTrack(this:0x7f89e8013040, videoSource:0x21bcb60)
[06/24/24 14:48:42:862][11135][A]:(00000014):   VideoFrameAdapter::setOutputFormat(this:0x7f89e80b36f0, format:(width:960, height:540, fps:15))
[06/24/24 14:48:42:862][11135][A]:(00000015):   LocalVideoTrackImpl::setEnabled(this:0x21c5460, enable:0)
[06/24/24 14:48:42:862][11135][A]:(00000016): RtcConnectionImpl::registerObserver(this:0x212fa30, observer:0x220bba0)
[06/24/24 14:48:42:862][11135][A]:(00000017): RtcConnectionImpl::connect(this:0x212fa30, token:"a****3", channelId:"agora", userId:"0")
[06/24/24 14:48:42:863][11135][A]:(00000018): LocalUserImpl::setPlaybackAudioFrameBeforeMixingParameters(this:0x7f89e82fa760, numberOfChannels:1, sampleRateHz:16000)
[06/24/24 14:48:42:863][11138][A]:(00000019): RtcConnectionImpl::stopLastmileProbeTest(this:0x212fa30, void)
[06/24/24 14:48:42:864][11138][A]:(00000020): RtcConnectionImpl::setConnectionState(this:0x212fa30, state: 2)
[06/24/24 14:48:42:864][11138][A]:(00000021): LegacyEventProxy::onConnectionStateChanged->onConnecting(this:0x21bc430, channel:"agora", userId:"0", reason:0)
[06/24/24 14:48:42:865][11135][A]:(00000022): LocalUserImpl::registerAudioFrameObserver(this:0x7f89e82fa760, observer:0x220bc00)
[06/24/24 14:48:42:866][11138][A]:(00000023): LocalVideoTrackImpl::SetVideoEncoderConfigurationInternal(this:0x21c5460, config:(codecType:2, dimensions:(width:352, height:288), frameRate:25, bitrate:146800, minBitrate:14680, orientationMode:0, degradationPreference:0, compressionPreference:0, encodingPreference:-1 priority:3))
[06/24/24 14:48:42:866][11138][A]:(00000024):   VideoFrameAdapter::setOutputFormat(this:0x7f89e80b36f0, format:(width:352, height:288, fps:25))
[06/24/24 14:48:42:866][11135][A]:(00000025): LocalAudioTrackPcmImpl::setEnabled(this:0x21c96b0, enable:1)
[06/24/24 14:48:42:866][11138][A]:(00000026): LocalAudioTrackImpl::setEnabled(this:0x21c96b0, enable: 1)
[06/24/24 14:48:42:866][11135][A]:(00000027): LocalUserImpl::publishAudio(this:0x7f89e82fa760, audioTrack:0x21c96b0, this 0x7f89e82fa760 )
[06/24/24 14:48:42:867][11138][A]:(00000028): LocalAudioTrackImpl::attach(this:0x21c96b0, sourceId: 3147431818)
[06/24/24 14:48:42:867][11135][A]:(00000029): LocalVideoTrackImpl::setEnabled(this:0x21c5460, enable:1)
[06/24/24 14:48:42:867][11138][A]:(00000030): VideoFrameWatermarker::onSinkWantsChanged(this:0x7f89e80930e0, rotation_applied:0, black_frames: 0, max_pixel_count: 2147483647, target_pixel_count: 0, max_framerate_fps: 2147483647)
[06/24/24 14:48:42:867][11138][A]:(00000031): VideoFrameWatermarker::onSinkWantsChanged(this:0x7f89e80930e0, rotation_applied:0, black_frames: 0, max_pixel_count: 2147483647, target_pixel_count: 0, max_framerate_fps: 2147483647)
[06/24/24 14:48:42:867][11138][A]:(00000032): VideoFrameWatermarker::onSinkWantsChanged(this:0x7f89e80930e0, rotation_applied:0, black_frames: 0, max_pixel_count: 2147483647, target_pixel_count: 0, max_framerate_fps: 2147483647)
[06/24/24 14:48:42:867][11138][A]:(00000033): VideoFrameWatermarker::onSinkWantsChanged(this:0x7f89e8570b40, rotation_applied:0, black_frames: 0, max_pixel_count: 2147483647, target_pixel_count: 0, max_framerate_fps: 2147483647)
[06/24/24 14:48:42:867][11138][A]:(00000034): VideoFrameWatermarker::onSinkWantsChanged(this:0x7f89e80930e0, rotation_applied:0, black_frames: 0, max_pixel_count: 2147483647, target_pixel_count: 0, max_framerate_fps: 2147483647)
[06/24/24 14:48:42:867][11135][A]:(00000035): LocalUserImpl::publishVideo(this:0x7f89e82fa760, videoTrack:0x21c5460)
[06/24/24 14:48:42:869][11138][A]:(00000036): VideoFrameWatermarker::onSinkWantsChanged(this:0x7f89e8570b40, rotation_applied:0, black_frames: 0, max_pixel_count: 2147483647, target_pixel_count: 0, max_framerate_fps: 2147483647)
[06/24/24 14:48:42:869][11138][A]:(00000037): VideoFrameWatermarker::onSinkWantsChanged(this:0x7f89e80930e0, rotation_applied:0, black_frames: 0, max_pixel_count: 2147483647, target_pixel_count: 0, max_framerate_fps: 2147483647)
[06/24/24 14:48:42:869][11180][A]:(00000038): VideoFrameWatermarker::onSinkWantsChanged(this:0x7f89e8570b40, rotation_applied:0, black_frames: 0, max_pixel_count: 2147483647, target_pixel_count: 0, max_framerate_fps: 2147483647)
[06/24/24 14:48:42:869][11180][A]:(00000039): VideoFrameWatermarker::onSinkWantsChanged(this:0x7f89e80930e0, rotation_applied:0, black_frames: 0, max_pixel_count: 2147483647, target_pixel_count: 0, max_framerate_fps: 2147483647)
[06/24/24 14:48:42:870][11138][A]:(00000040): VideoFrameAdapter::setOutputFormat(this:0x7f89e80b36f0, format:(width:352, height:288, fps:25))
[06/24/24 14:48:42:870][11138][A]:(00000041): VideoFrameWatermarker::onSinkWantsChanged(this:0x7f89e8570b40, rotation_applied:0, black_frames: 0, max_pixel_count: 2147483647, target_pixel_count: 0, max_framerate_fps: 2147483647)
[06/24/24 14:48:42:870][11138][A]:(00000042): VideoFrameWatermarker::onSinkWantsChanged(this:0x7f89e80930e0, rotation_applied:0, black_frames: 0, max_pixel_count: 2147483647, target_pixel_count: 0, max_framerate_fps: 2147483647)
[06/24/24 14:48:42:885][11138][A]:(00000043): RtcEngine::setParametersByTds(this:0x7f89e808e300, {"parameters":{"rtc.enable_xdump":true,"rtc.enable_xdump_file":true,"rtc.enable_xdump_upload":true}})
[06/24/24 14:48:42:887][11138][A]:(00000044): RtcEngine::setParametersByTds(this:0x7f89e808e300, {"parameters":{"rtc.log_encryption":false,"rtc.log_encryption_mode":0,"rtc.log_encryption_salt":""}})
[06/24/24 14:48:42:887][11138][A]:(00000045): RtcEngine::setParametersByTds(this:0x7f89e808e300, {"parameters":{"rtm.login_with_config":true}})
[06/24/24 14:48:42:887][11138][A]:(00000046): RtcEngine::setParametersByTds(this:0x7f89e808e300, {"parameters":{"AUDIO_VOLUME_INDICATION_INTERVAL":3001}})
[06/24/24 14:48:42:887][11138][A]:(00000047): RtcEngine::setParametersByTds(this:0x7f89e808e300, {"parameters":{"rtc.log_encryption":false,"rtc.log_encryption_mode":1,"rtc.log_encryption_salt":"aabcdz"}})
[06/24/24 14:48:42:888][11138][A]:(00000048): RtcEngine::setParametersByTds(this:0x7f89e808e300, {"parameters":{"rtc.ip_global_area":["101.251.217.28","120.92.182.222","182.61.143.198","2408:4005:36d:1303:2d8c:443e:f22b:4d0d","2408:400a:4d:e404:cef9:28eb:8f2c:546a"]}})
[06/24/24 14:48:42:888][11138][A]:(00000049): RtcEngine::setParametersByTds(this:0x7f89e808e300, {"parameters":{"WEBSOCKET_COMPRESS":false}})
[06/24/24 14:48:42:888][11138][A]:(00000050): RtcEngine::setParametersByTds(this:0x7f89e808e300, {"parameters":{"uplink":{"max_bitrate":4000,"min_bitrate":400}}})
[06/24/24 14:48:42:888][11138][A]:(00000051): RtcEngine::setParametersByTds(this[06/24/24 14:49:01:472][11487][A]:(00000004): AgoraService::createRtcConnection(this:0x7ff6180131e0, cfg:(autoSubscribeAudio:1, autoSubscribeVideo:0, enableAudioRecordingOrPlayout:1,maxSendBitrate:-1, minPort:0, maxPort:0, clientRoleType:1), connId:0)
[06/24/24 14:49:01:472][11487][A]:(00000005):   RtcConnectionImpl::initializeEx(this:0x1196a30, serviceCfg:(enableAudioProcessor:1, enableAudioDevice:0, enableVideo:0, context:(nil)), cfg:(autoSubscribeAudio:1, autoSubscribeVideo:0, enableAudioRecordingOrPlayout:0, maxSendBitrate:-1, minPort:0, maxPort:0, clientRoleType:2, clientType:0, channelProfile:1, vosList.size:0, recvType:(audio: 0, video: 0)))
[06/24/24 14:49:01:474][11490][A]:(00000006): LegacyEventProxy::onClientRoleChanged->onChangeRoleSuccess(this:0x1223430, oldRole:2, newRole:1, newRoleLatencyLevel:2)
[06/24/24 14:49:01:476][11490][A]:(00000007): RtcConnectionImpl::getUserRole(this:0x1196a30, void)
[06/24/24 14:49:01:477][11490][A]:(00000008): RtcConnectionImpl::subscribeReceivePacketHandler(this:0x1196a30, void)
[06/24/24 14:49:01:479][11487][A]:(00000009): AgoraService::createMediaNodeFactory(this:0x7ff6180131e0, void)
[06/24/24 14:49:01:479][11487][A]:(00000010): MediaNodeFactoryImpl::createAudioPcmDataSender(this:0x7ff61801b7d0, void)
[06/24/24 14:49:01:479][11487][A]:(00000011): AgoraService::createCustomAudioTrack(this:0x7ff6180131e0, audioSource:0x122da70)
[06/24/24 14:49:01:479][11487][A]:(00000012): MediaNodeFactoryImpl::createVideoFrameSender(this:0x7ff61801b7d0, void)
[06/24/24 14:49:01:479][11487][A]:(00000013): AgoraService::createCustomVideoTrack(this:0x7ff6180131e0, videoSource:0x1223b60)
[06/24/24 14:49:01:481][11487][A]:(00000014):   VideoFrameAdapter::setOutputFormat(this:0x7ff61857a800, format:(width:960, height:540, fps:15))
[06/24/24 14:49:01:481][11487][A]:(00000015):   LocalVideoTrackImpl::setEnabled(this:0x122c250, enable:0)
[06/24/24 14:49:01:481][11487][A]:(00000016): RtcConnectionImpl::registerObserver(this:0x1196a30, observer:0x12725a0)
[06/24/24 14:49:01:481][11487][A]:(00000017): RtcConnectionImpl::connect(this:0x1196a30, token:"a****3", channelId:"agora", userId:"0")
[06/24/24 14:49:01:485][11487][A]:(00000018): LocalUserImpl::setPlaybackAudioFrameBeforeMixingParameters(this:0x7ff6183079f0, numberOfChannels:1, sampleRateHz:16000)
[06/24/24 14:49:01:486][11490][A]:(00000019): RtcConnectionImpl::stopLastmileProbeTest(this:0x1196a30, void)
[06/24/24 14:49:01:487][11490][A]:(00000020): RtcConnectionImpl::setConnectionState(this:0x1196a30, state: 2)
[06/24/24 14:49:01:487][11490][A]:(00000021): LegacyEventProxy::onConnectionStateChanged->onConnecting(this:0x1223430, channel:"agora", userId:"0", reason:0)
[06/24/24 14:49:01:487][11487][A]:(00000022): LocalUserImpl::registerAudioFrameObserver(this:0x7ff6183079f0, observer:0x1264e00)
[06/24/24 14:49:01:488][11490][A]:(00000023): LocalVideoTrackImpl::SetVideoEncoderConfigurationInternal(this:0x122c250, config:(codecType:2, dimensions:(width:352, height:288), frameRate:25, bitrate:146800, minBitrate:14680, orientationMode:0, degradationPreference:0, compressionPreference:0, encodingPreference:-1 priority:3))
[06/24/24 14:49:01:489][11490][A]:(00000024):   VideoFrameAdapter::setOutputFormat(this:0x7ff61857a800, format:(width:352, height:288, fps:25))
[06/24/24 14:49:01:489][11487][A]:(00000025): LocalAudioTrackPcmImpl::setEnabled(this:0x1230980, enable:1)
[06/24/24 14:49:01:489][11490][A]:(00000026): LocalAudioTrackImpl::setEnabled(this:0x1230980, enable: 1)
[06/24/24 14:49:01:489][11487][A]:(00000027): LocalUserImpl::publishAudio(this:0x7ff6183079f0, audioTrack:0x1230980, this 0x7ff6183079f0 )
[06/24/24 14:49:01:490][11490][A]:(00000028): LocalAudioTrackImpl::attach(this:0x1230980, sourceId: 3147431818)
[06/24/24 14:49:01:490][11487][A]:(00000029): LocalVideoTrackImpl::setEnabled(this:0x122c250, enable:1)
[06/24/24 14:49:01:490][11490][A]:(00000030): VideoFrameWatermarker::onSinkWantsChanged(this:0x7ff618578720, rotation_applied:0, black_frames: 0, max_pixel_count: 2147483647, target_pixel_count: 0, max_framerate_fps: 2147483647)
[06/24/24 14:49:01:490][11490][A]:(00000031): VideoFrameWatermarker::onSinkWantsChanged(this:0x7ff618578720, rotation_applied:0, black_frames: 0, max_pixel_count: 2147483647, target_pixel_count: 0, max_framerate_fps: 2147483647)
[06/24/24 14:49:01:490][11490][A]:(00000032): VideoFrameWatermarker::onSinkWantsChanged(this:0x7ff618578720, rotation_applied:0, black_frames: 0, max_pixel_count: 2147483647, target_pixel_count: 0, max_framerate_fps: 2147483647)
[06/24/24 14:49:01:490][11490][A]:(00000033): VideoFrameWatermarker::onSinkWantsChanged(this:0x7ff618578b10, rotation_applied:0, black_frames: 0, max_pixel_count: 2147483647, target_pixel_count: 0, max_framerate_fps: 2147483647)
[06/24/24 14:49:01:490][11490][A]:(00000034): VideoFrameWatermarker::onSinkWantsChanged(this:0x7ff618578720, rotation_applied:0, black_frames: 0, max_pixel_count: 2147483647, target_pixel_count: 0, max_framerate_fps: 2147483647)
[06/24/24 14:49:01:490][11487][A]:(00000035): LocalUserImpl::publishVideo(this:0x7ff6183079f0, videoTrack:0x122c250)
[06/24/24 14:49:01:492][11490][A]:(00000036): VideoFrameWatermarker::onSinkWantsChanged(this:0x7ff618578b10, rotation_applied:0, black_frames: 0, max_pixel_count: 2147483647, target_pixel_count: 0, max_framerate_fps: 2147483647)
[06/24/24 14:49:01:492][11490][A]:(00000037): VideoFrameWatermarker::onSinkWantsChanged(this:0x7ff618578720, rotation_applied:0, black_frames: 0, max_pixel_count: 2147483647, target_pixel_count: 0, max_framerate_fps: 2147483647)
[06/24/24 14:49:01:492][11532][A]:(00000038): VideoFrameWatermarker::onSinkWantsChanged(this:0x7ff618578b10, rotation_applied:0, black_frames: 0, max_pixel_count: 2147483647, target_pixel_count: 0, max_framerate_fps: 2147483647)
[06/24/24 14:49:01:492][11532][A]:(00000039): VideoFrameWatermarker::onSinkWantsChanged(this:0x7ff618578720, rotation_applied:0, black_frames: 0, max_pixel_count: 2147483647, target_pixel_count: 0, max_framerate_fps: 2147483647)
[06/24/24 14:49:01:492][11490][A]:(00000040): VideoFrameAdapter::setOutputFormat(this:0x7ff61857a800, format:(width:352, height:288, fps:25))
[06/24/24 14:49:01:494][11490][A]:(00000041): VideoFrameWatermarker::onSinkWantsChanged(this:0x7ff618578b10, rotation_applied:0, black_frames: 0, max_pixel_count: 2147483647, target_pixel_count: 0, max_framerate_fps: 2147483647)
[06/24/24 14:49:01:494][11490][A]:(00000042): VideoFrameWatermarker::onSinkWantsChanged(this:0x7ff618578720, rotation_applied:0, black_frames: 0, max_pixel_count: 2147483647, target_pixel_count: 0, max_framerate_fps: 2147483647)
[06/24/24 14:49:01:494][11487][A]:(00000043): VideoFrameSenderImpl::sendVideoFrame(this:0x1223b60, sendVideoFrame type: 1)
[06/24/24 14:49:01:504][11487][A]:(00000044): VideoFrameSenderImpl::sendVideoFrame(this:0x1223b60, sendVideoFrame type: 1)
[06/24/24 14:49:01:510][11490][A]:(00000045): RtcEngine::setParametersByTds(this:0x7ff61828a840, {"parameters":{"rtc.enable_xdump":true,"rtc.enable_xdump_file":true,"rtc.enable_xdump_upload":true}})
[06/24/24 14:49:01:512][11490][A]:(00000046): RtcEngine::setParametersByTds(this:0x7ff61828a840, {"parameters":{"rtc.log_encryption":false,"rtc.log_encryption_mode":0,"rtc.log_encryption_salt":""}})
[06/24/24 14:49:01:512][11490][A]:(00000047): RtcEngine::setParametersByTds(this:0x7ff61828a840, {"parameters":{"rtm.login_with_config":true}})
[06/24/24 14:49:01:512][11490][A]:(00000048): RtcEngine::setParametersByTds(this:0x7ff61828a840, {"parameters":{"AUDIO_VOLUME_INDICATION_INTERVAL":3001}})
[06/24/24 14:49:01:512][11490][A]:(00000049): RtcEngine::setParametersByTds(this:0x7ff61828a840, {"parameters":{"rtc.log_encryption":false,"rtc.log_encryption_mode":1,"rtc.log_encryption_salt":"aabcdz"}})
[06/24/24 14:49:01:512][11490][A]:(00000050): RtcEngine::setParametersByTds(this:0x7ff61828a840, {"parameters":{"rtc.ip_global_area":["101.251.217.28","120.92.182.222","182.61.143.198","2408:4005:36d:1303:2d8c:443e:f22b:4d0d","2408:400a:4d:e404:cef9:28eb:8f2c:546a"]}})
[06/24/24 14:49:01:512][11490][A]:(00000051): RtcEngine::setParametersByTds(this:0x7ff61828a840, {"parameters":{"WEBSOCKET_COMPRESS":false}})
[06/24/24 14:49:01:512][11490][A]:(00000052): RtcEngine::setParametersByTds(this:0x7ff61828a840, {"parameters":{"uplink":{"max_bitrate":4000,"min_bitrate":400}}})
[06/24/24 14:49:01:512][11490][A]:(00000053): RtcEngine::setParametersByTds(this:0x7ff61828a840, {"parameters":{"rtc.max_sub_peers":200}})
[06/24/24 14:49:01:512][11490][A]:(00000054): RtcEngine::setParametersByTds(this:0x7ff61828a840, {"parameters":{"che.audio.sf.nlpHbandAgg":1}})
[06/24/24 14:49:01:514][11487][A]:(00000055): VideoFrameSenderImpl::sendVideoFrame(this:0x1223b60, sendVideoFrame type: 1)
[06/24/24 14:49:01:525][11487][A]:(00000056): VideoFrameSenderImpl::sendVideoFrame(this:0x1223b60, ... (ignore to avoid too many logs))
[06/24/24 14:49:01:566][11490][A]:(00000057): RtcConnectionImpl::setConnectionState(this:0x1196a30, state: 3)
[06/24/24 14:49:01:566][11490][A]:(00000058): LegacyEventProxy::onJoinChannelSuccess->onConnected(this:0x1223430, channel:"agora", uid:"3506943410", elapsed:85)
[06/24/24 14:49:01:566][11490][A]:(00000059):   RtcConnectionImpl::getUserInfoByUid(this:0x1196a30, uid:3506943410)
[06/24/24 14:49:01:566][11490][A]:(00000060):   RtcConnectionImpl::setLocalUserId(this:0x1196a30, userId:"3506943410")
[06/24/24 14:49:01:567][11490][A]:(00000061): LocalUserImpl::forceNextIntraFrame(this:0x7ff6183079f0, void)
[06/24/24 14:49:02:054][11532][A]:(00000062): VideoFrameWatermarker::onSinkWantsChanged(this:0x7ff618578b10, rotation_applied:0, black_frames: 0, max_pixel_count: 2147483647, target_pixel_count: 0, max_framerate_fps: 15)
[06/24/24 14:49:02:054][11532][A]:(00000063): VideoFrameWatermarker::onSinkWantsChanged(this:0x7ff618578720, rotation_applied:0, black_frames: 0, max_pixel_count: 2147483647, target_pixel_count: 0, max_framerate_fps: 15)
[06/24/24 14:49:02:451][11532][A]:(00000064): VideoFrameWatermarker::onSinkWantsChanged(this:0x7ff618578b10, rotation_applied:0, black_frames: 0, max_pixel_count: 2147483647, target_pixel_count: 0, max_framerate_fps: 14)
[06/24/24 14:49:02:451][11532][A]:(00000065): VideoFrameWatermarker::onSinkWantsChanged(this:0x7ff618578720, rotation_applied:0, black_frames: 0, max_pixel_count: 2147483647, target_pixel_count: 0, max_framerate_fps: 14)
[06/24/24 14:49:02:508][11487][A]:(00000066): LocalUserImpl::unpublishAudio(this:0x7ff6183079f0, audioTrack:0x1230980)
[06/24/24 14:49:02:508][11490][A]:(00000067): LocalAudioTrackImpl::detach(this:0x1230980, reason: 0)
[06/24/24 14:49:02:508][11487][A]:(00000068): LocalUserImpl::unregisterAudioFrameObserver(this:0x7ff6183079f0, observer:0x1264e00)
[06/24/24 14:49:02:508][11487][A]:(00000069): RtcConnectionImpl::disconnect(this:0x1196a30, void)
[06/24/24 14:49:02:509][11490][A]:(00000070): RtcConnectionImpl::setConnectionState(this:0x1196a30, state: 1)
[06/24/24 14:49:02:509][11490][A]:(00000071): LegacyEventProxy::onConnectionStateChanged->onDisconnected(this:0x1223430, channel:"agora", userId:"3506943410", reason:5)
[06/24/24 14:49:10:846][11751][A]:(00000004): AgoraService::createRtcConnection(this:0x7f847c0131e0, cfg:(autoSubscribeAudio:1, autoSubscribeVideo:0, enableAudioRecordingOrPlayout:1,maxSendBitrate:-1, minPort:0, maxPort:0, clientRoleType:1), connId:0)
[06/24/24 14:49:10:846][11751][A]:(00000005):   RtcConnectionImpl::initializeEx(this:0x21aaa30, serviceCfg:(enableAudioProcessor:1, enableAudioDevice:0, enableVideo:0, context:(nil)), cfg:(autoSubscribeAudio:1, autoSubscribeVideo:0, enableAudioRecordingOrPlayout:0, maxSendBitrate:-1, minPort:0, maxPort:0, clientRoleType:2, clientType:0, channelProfile:1, vosList.size:0, recvType:(audio: 0, video: 0)))
[06/24/24 14:49:10:849][11754][A]:(00000006): LegacyEventProxy::onClientRoleChanged->onChangeRoleSuccess(this:0x22396e0, oldRole:2, newRole:1, newRoleLatencyLevel:2)
[06/24/24 14:49:10:853][11754][A]:(00000007): RtcConnectionImpl::getUserRole(this:0x21aaa30, void)
[06/24/24 14:49:10:855][11754][A]:(00000008): RtcConnectionImpl::subscribeReceivePacketHandler(this:0x21aaa30, void)
[06/24/24 14:49:10:856][11751][A]:(00000009): AgoraService::createMediaNodeFactory(this:0x7f847c0131e0, void)
[06/24/24 14:49:10:856][11751][A]:(00000010): MediaNodeFactoryImpl::createAudioPcmDataSender(this:0x7f847c01b7e0, void)
[06/24/24 14:49:10:856][11751][A]:(00000011): AgoraService::createCustomAudioTrack(this:0x7f847c0131e0, audioSource:0x2243b80)
[06/24/24 14:49:10:857][11751][A]:(00000012): MediaNodeFactoryImpl::createVideoFrameSender(this:0x7f847c01b7e0, void)
[06/24/24 14:49:10:857][11751][A]:(00000013): AgoraService::createCustomVideoTrack(this:0x7f847c0131e0, videoSource:0x223a090)
[06/24/24 14:49:10:858][11751][A]:(00000014):   VideoFrameAdapter::setOutputFormat(this:0x7f847c04e8b0, format:(width:960, height:540, fps:15))
[06/24/24 14:49:10:858][11751][A]:(00000015):   LocalVideoTrackImpl::setEnabled(this:0x2242780, enable:0)
[06/24/24 14:49:10:858][11751][A]:(00000016): RtcConnectionImpl::registerObserver(this:0x21aaa30, observer:0x2288970)
[06/24/24 14:49:10:858][11751][A]:(00000017): RtcConnectionImpl::connect(this:0x21aaa30, token:"a****3", channelId:"agora", userId:"0")
[06/24/24 14:49:10:861][11751][A]:(00000018): LocalUserImpl::setPlaybackAudioFrameBeforeMixingParameters(this:0x7f847c2f0ab0, numberOfChannels:1, sampleRateHz:16000)
[06/24/24 14:49:10:862][11754][A]:(00000019): RtcConnectionImpl::stopLastmileProbeTest(this:0x21aaa30, void)
[06/24/24 14:49:10:862][11754][A]:(00000020): RtcConnectionImpl::setConnectionState(this:0x21aaa30, state: 2)
[06/24/24 14:49:10:862][11754][A]:(00000021): LegacyEventProxy::onConnectionStateChanged->onConnecting(this:0x22396e0, channel:"agora", userId:"0", reason:0)
[06/24/24 14:49:10:863][11751][A]:(00000022): LocalUserImpl::registerAudioFrameObserver(this:0x7f847c2f0ab0, observer:0x22877d0)
[06/24/24 14:49:10:864][11754][A]:(00000023): LocalVideoTrackImpl::SetVideoEncoderConfigurationInternal(this:0x2242780, config:(codecType:2, dimensions:(width:352, height:288), frameRate:25, bitrate:146800, minBitrate:14680, orientationMode:0, degradationPreference:0, compressionPreference:0, encodingPreference:-1 priority:3))
[06/24/24 14:49:10:864][11754][A]:(00000024):   VideoFrameAdapter::setOutputFormat(this:0x7f847c04e8b0, format:(width:352, height:288, fps:25))
[06/24/24 14:49:10:864][11751][A]:(00000025): LocalAudioTrackPcmImpl::setEnabled(this:0x2246a10, enable:1)
[06/24/24 14:49:10:864][11754][A]:(00000026): LocalAudioTrackImpl::setEnabled(this:0x2246a10, enable: 1)
[06/24/24 14:49:10:864][11751][A]:(00000027): LocalUserImpl::publishAudio(this:0x7f847c2f0ab0, audioTrack:0x2246a10, this 0x7f847c2f0ab0 )
[06/24/24 14:49:10:865][11754][A]:(00000028): LocalAudioTrackImpl::attach(this:0x2246a10, sourceId: 3147431818)
[06/24/24 14:49:10:865][11751][A]:(00000029): LocalVideoTrackImpl::setEnabled(this:0x2242780, enable:1)
[06/24/24 14:49:10:865][11754][A]:(00000030): VideoFrameWatermarker::onSinkWantsChanged(this:0x7f847c545a10, rotation_applied:0, black_frames: 0, max_pixel_count: 2147483647, target_pixel_count: 0, max_framerate_fps: 2147483647)
[06/24/24 [06/24/24 14:50:30:864][14713][A]:(00000004): AgoraService::createRtcConnection(this:0x7f0da00131a0, cfg:(autoSubscribeAudio:1, autoSubscribeVideo:0, enableAudioRecordingOrPlayout:1,maxSendBitrate:-1, minPort:0, maxPort:0, clientRoleType:1), connId:0)
[06/24/24 14:50:30:864][14713][A]:(00000005):   RtcConnectionImpl::initializeEx(this:0x1e4ca30, serviceCfg:(enableAudioProcessor:1, enableAudioDevice:0, enableVideo:0, context:(nil)), cfg:(autoSubscribeAudio:1, autoSubscribeVideo:0, enableAudioRecordingOrPlayout:0, maxSendBitrate:-1, minPort:0, maxPort:0, clientRoleType:2, clientType:0, channelProfile:1, vosList.size:0, recvType:(audio: 0, video: 0)))
[06/24/24 14:50:30:866][14716][A]:(00000006): LegacyEventProxy::onClientRoleChanged->onChangeRoleSuccess(this:0x1edb6e0, oldRole:2, newRole:1, newRoleLatencyLevel:2)
[06/24/24 14:50:30:867][14716][A]:(00000007): RtcConnectionImpl::getUserRole(this:0x1e4ca30, void)
[06/24/24 14:50:30:868][14716][A]:(00000008): RtcConnectionImpl::subscribeReceivePacketHandler(this:0x1e4ca30, void)
[06/24/24 14:50:30:869][14713][A]:(00000009): AgoraService::createMediaNodeFactory(this:0x7f0da00131a0, void)
[06/24/24 14:50:30:869][14713][A]:(00000010): MediaNodeFactoryImpl::createAudioPcmDataSender(this:0x7f0da001b7a0, void)
[06/24/24 14:50:30:869][14713][A]:(00000011): AgoraService::createCustomAudioTrack(this:0x7f0da00131a0, audioSource:0x1ee5d70)
[06/24/24 14:50:30:869][14713][A]:(00000012): MediaNodeFactoryImpl::createVideoFrameSender(this:0x7f0da001b7a0, void)
[06/24/24 14:50:30:869][14713][A]:(00000013): AgoraService::createCustomVideoTrack(this:0x7f0da00131a0, videoSource:0x1edc090)
[06/24/24 14:50:30:870][14713][A]:(00000014):   VideoFrameAdapter::setOutputFormat(this:0x7f0da05611d0, format:(width:960, height:540, fps:15))
[06/24/24 14:50:30:870][14713][A]:(00000015):   LocalVideoTrackImpl::setEnabled(this:0x1ee4990, enable:0)
[06/24/24 14:50:30:870][14713][A]:(00000016): RtcConnectionImpl::registerObserver(this:0x1e4ca30, observer:0x1f2a8d0)
[06/24/24 14:50:30:870][14713][A]:(00000017): RtcConnectionImpl::connect(this:0x1e4ca30, token:"a****3", channelId:"agora", userId:"0")
[06/24/24 14:50:30:871][14716][A]:(00000019): RtcConnectionImpl::stopLastmileProbeTest(this:0x1e4ca30, void)
[06/24/24 14:50:30:871][14713][A]:(00000018): LocalUserImpl::setPlaybackAudioFrameBeforeMixingParameters(this:0x7f0da02ffa00, numberOfChannels:1, sampleRateHz:16000)
[06/24/24 14:50:30:871][14716][A]:(00000020): RtcConnectionImpl::setConnectionState(this:0x1e4ca30, state: 2)
[06/24/24 14:50:30:871][14716][A]:(00000021): LegacyEventProxy::onConnectionStateChanged->onConnecting(this:0x1edb6e0, channel:"agora", userId:"0", reason:0)
[06/24/24 14:50:30:872][14713][A]:(00000022): LocalUserImpl::registerAudioFrameObserver(this:0x7f0da02ffa00, observer:0x1f2b1f0)
[06/24/24 14:50:30:872][14716][A]:(00000023): LocalVideoTrackImpl::SetVideoEncoderConfigurationInternal(this:0x1ee4990, config:(codecType:2, dimensions:(width:352, height:288), frameRate:25, bitrate:146800, minBitrate:14680, orientationMode:0, degradationPreference:0, compressionPreference:0, encodingPreference:-1 priority:3))
[06/24/24 14:50:30:873][14716][A]:(00000024):   VideoFrameAdapter::setOutputFormat(this:0x7f0da05611d0, format:(width:352, height:288, fps:25))
[06/24/24 14:50:30:873][14713][A]:(00000025): LocalAudioTrackPcmImpl::setEnabled(this:0x1ee8b00, enable:1)
[06/24/24 14:50:30:873][14716][A]:(00000026): LocalAudioTrackImpl::setEnabled(this:0x1ee8b00, enable: 1)
[06/24/24 14:50:30:873][14713][A]:(00000027): LocalUserImpl::publishAudio(this:0x7f0da02ffa00, audioTrack:0x1ee8b00, this 0x7f0da02ffa00 )
[06/24/24 14:50:30:873][14716][A]:(00000028): LocalAudioTrackImpl::attach(this:0x1ee8b00, sourceId: 3147431818)
[06/24/24 14:50:30:873][14713][A]:(00000029): LocalVideoTrackImpl::setEnabled(this:0x1ee4990, enable:1)
[06/24/24 14:50:30:873][14716][A]:(00000030): VideoFrameWatermarker::onSinkWantsChanged(this:0x7f0da055f070, rotation_applied:0, black_frames: 0, max_pixel_count: 2147483647, target_pixel_count: 0, max_framerate_fps: 2147483647)
[06/24/24 14:50:30:873][14716][A]:(00000031): VideoFrameWatermarker::onSinkWantsChanged(this:0x7f0da055f070, rotation_applied:0, black_frames: 0, max_pixel_count: 2147483647, target_pixel_count: 0, max_framerate_fps: 2147483647)
[06/24/24 14:50:30:873][14716][A]:(00000032): VideoFrameWatermarker::onSinkWantsChanged(this:0x7f0da055f070, rotation_applied:0, black_frames: 0, max_pixel_count: 2147483647, target_pixel_count: 0, max_framerate_fps: 2147483647)
[06/24/24 14:50:30:873][14716][A]:(00000033): VideoFrameWatermarker::onSinkWantsChanged(this:0x7f0da055f460, rotation_applied:0, black_frames: 0, max_pixel_count: 2147483647, target_pixel_count: 0, max_framerate_fps: 2147483647)
[06/24/24 14:50:30:873][14716][A]:(00000034): VideoFrameWatermarker::onSinkWantsChanged(this:0x7f0da055f070, rotation_applied:0, black_frames: 0, max_pixel_count: 2147483647, target_pixel_count: 0, max_framerate_fps: 2147483647)
[06/24/24 14:50:30:874][14713][A]:(00000035): LocalUserImpl::publishVideo(this:0x7f0da02ffa00, videoTrack:0x1ee4990)
[06/24/24 14:50:30:875][14716][A]:(00000036): VideoFrameWatermarker::onSinkWantsChanged(this:0x7f0da055f460, rotation_applied:0, black_frames: 0, max_pixel_count: 2147483647, target_pixel_count: 0, max_framerate_fps: 2147483647)
[06/24/24 14:50:30:875][14716][A]:(00000037): VideoFrameWatermarker::onSinkWantsChanged(this:0x7f0da055f070, rotation_applied:0, black_frames: 0, max_pixel_count: 2147483647, target_pixel_count: 0, max_framerate_fps: 2147483647)
[06/24/24 14:50:30:875][14758][A]:(00000038): VideoFrameWatermarker::onSinkWantsChanged(this:0x7f0da055f460, rotation_applied:0, black_frames: 0, max_pixel_count: 2147483647, target_pixel_count: 0, max_framerate_fps: 2147483647)
[06/24/24 14:50:30:875][14758][A]:(00000039): VideoFrameWatermarker::onSinkWantsChanged(this:0x7f0da055f070, rotation_applied:0, black_frames: 0, max_pixel_count: 2147483647, target_pixel_count: 0, max_framerate_fps: 2147483647)
[06/24/24 14:50:30:875][14716][A]:(00000040): VideoFrameAdapter::setOutputFormat(this:0x7f0da05611d0, format:(width:352, height:288, fps:25))
[06/24/24 14:50:30:876][14716][A]:(00000041): VideoFrameWatermarker::onSinkWantsChanged(this:0x7f0da055f460, rotation_applied:0, black_frames: 0, max_pixel_count: 2147483647, target_pixel_count: 0, max_framerate_fps: 2147483647)
[06/24/24 14:50:30:876][14716][A]:(00000042): VideoFrameWatermarker::onSinkWantsChanged(this:0x7f0da055f070, rotation_applied:0, black_frames: 0, max_pixel_count: 2147483647, target_pixel_count: 0, max_framerate_fps: 2147483647)
[06/24/24 14:50:30:876][14713][A]:(00000043): AudioPcmDataSenderImpl::sendAudioPcmDataEx(this:0x1ee5d70, audio_data:0x7f0daadc8a28, capture_timestamp:0, samples_per_channel:160, bytes_per_sample:2, number_of_channels:1, sample_rate:16000, audio_track_number:0)
[06/24/24 14:50:30:876][14713][A]:(00000044): AudioPcmDataSenderImpl::sendAudioPcmDataEx(this:0x1ee5d70, audio_data:0x7f0daadc8b90, capture_timestamp:0, samples_per_channel:160, bytes_per_sample:2, number_of_channels:1, sample_rate:16000, audio_track_number:0)
[06/24/24 14:50:30:876][14713][A]:(00000045): AudioPcmDataSenderImpl::sendAudioPcmDataEx(this:0x1ee5d70, ... (ignore to avoid too many logs))
[06/24/24 14:50:30:876][14713][A]:(00000046): VideoFrameSenderImpl::sendVideoFrame(this:0x1edc090, sendVideoFrame type: 1)
[06/24/24 14:50:30:886][14713][A]:(00000047): VideoFrameSenderImpl::sendVideoFrame(this:0x1edc090, sendVideoFrame type: 1)
[06/24/24 14:50:30:897][14713][A]:(00000048): VideoFrameSenderImpl::sendVideoFrame(this:0x1edc090, sendVideoFrame type: 1)
[06/24/24 14:50:30:905][14716][A]:(00000049): RtcEngine::setParametersByTds(this:0x7f0da0281eb0, {"parameters":{"rtc.enable_xdump":true,"rtc.enable_xdump_file":true,"rtc.enable_xdump_upload":true}})
[06/24/24 14:50:30:905][14716][A]:(00000050): RtcEngine::setParametersByTds(this:0x7f0da0281eb0, {"parameters":{"rtc.log_encryption":false,"rtc.log_encryption_mode":0,"rtc.log_encryption_salt":""}})
[06/24/24 14:50:30:905][14716][A]:(00000051): RtcEngine::setParametersByTds(this:0x7f0da0281eb0, {"parameters":{"rtm.login_with_config":true}})
[06/24/24 14:50:30:905][14716][A]:(00000052): RtcEngine::setParametersByTds(this:0x7f0da0281eb0, {"parameters":{"AUDIO_VOLUME_INDICATION_INTERVAL":3001}})
[06/24/24 14:50:30:905][14716][A]:(00000053): RtcEngine::setParametersByTds(this:0x7f0da0281eb0, {"parameters":{"rtc.log_encryption":false,"rtc.log_encryption_mode":1,"rtc.log_encryption_salt":"aabcdz"}})
[06/24/24 14:50:30:905][14716][A]:(00000054): RtcEngine::setParametersByTds(this:0x7f0da0281eb0, {"parameters":{"rtc.ip_global_area":["101.251.217.28","120.92.182.222","182.61.143.198","2408:4005:36d:1303:2d8c:443e:f22b:4d0d","2408:400a:4d:e404:cef9:28eb:8f2c:546a"]}})
[06/24/24 14:50:30:905][14716][A]:(00000055): RtcEngine::setParametersByTds(this:0x7f0da0281eb0, {"parameters":{"WEBSOCKET_COMPRESS":false}})
[06/24/24 14:50:30:905][14716][A]:(00000056): RtcEngine::setParametersByTds(this:0x7f0da0281eb0, {"parameters":{"uplink":{"max_bitrate":4000,"min_bitrate":400}}})
[06/24/24 14:50:30:905][14716][A]:(00000057): RtcEngine::setParametersByTds(this:0x7f0da0281eb0, {"parameters":{"rtc.max_sub_peers":200}})
[06/24/24 14:50:30:905][14716][A]:(00000058): RtcEngine::setParametersByTds(this:0x7f0da0281eb0, {"parameters":{"che.audio.sf.nlpHbandAgg":1}})
[06/24/24 14:50:30:907][14713][A]:(00000059): VideoFrameSenderImpl::sendVideoFrame(this:0x1edc090, ... (ignore to avoid too many logs))
[06/24/24 14:50:30:984][14716][A]:(00000060): RtcConnectionImpl::setConnectionState(this:0x1e4ca30, state: 3)
[06/24/24 14:50:30:984][14716][A]:(00000061): LegacyEventProxy::onJoinChannelSuccess->onConnected(this:0x1edb6e0, channel:"agora", uid:"2881140504", elapsed:114)
[06/24/24 14:50:30:984][14716][A]:(00000062):   RtcConnectionImpl::getUserInfoByUid(this:0x1e4ca30, uid:2881140504)
[06/24/24 14:50:30:984][14716][A]:(00000063):   RtcConnectionImpl::setLocalUserId(this:0x1e4ca30, userId:"2881140504")
[06/24/24 14:50:30:984][14716][A]:(00000064): LocalUserImpl::forceNextIntraFrame(this:0x7f0da02ffa00, void)
[06/24/24 14:50:31:437][14758][A]:(00000065): VideoFrameWatermarker::onSinkWantsChanged(this:0x7f0da055f460, rotation_applied:0, black_frames: 0, max_pixel_count: 2147483647, target_pixel_count: 0, max_framerate_fps: 15)
[06/24/24 14:50:31:437][14758][A]:(00000066): VideoFrameWatermarker::onSinkWantsChanged(this:0x7f0da055f070, rotation_applied:0, black_frames: 0, max_pixel_count: 2147483647, target_pixel_count: 0, max_framerate_fps: 15)
[06/24/24 14:50:42:144][15049][A]:(00000004): AgoraService::createRtcConnection(this:0x7fbdc8013160, cfg:(autoSubscribeAudio:1, autoSubscribeVideo:0, enableAudioRecordingOrPlayout:1,maxSendBitrate:-1, minPort:0, maxPort:0, clientRoleType:1), connId:0)
[06/24/24 14:50:42:144][15049][A]:(00000005):   RtcConnectionImpl::initializeEx(this:0x1634a30, serviceCfg:(enableAudioProcessor:1, enableAudioDevice:0, enableVideo:0, context:(nil)), cfg:(autoSubscribeAudio:1, autoSubscribeVideo:0, enableAudioRecordingOrPlayout:0, maxSendBitrate:-1, minPort:0, maxPort:0, clientRoleType:2, clientType:0, channelProfile:1, vosList.size:0, recvType:(audio: 0, video: 0)))
[06/24/24 14:50:42:147][15053][A]:(00000006): LegacyEventProxy::onClientRoleChanged->onChangeRoleSuccess(this:0x16c36f0, oldRole:2, newRole:1, newRoleLatencyLevel:2)
[06/24/24 14:50:42:150][15053][A]:(00000007): RtcConnectionImpl::getUserRole(this:0x1634a30, void)
[06/24/24 14:50:42:152][15053][A]:(00000008): RtcConnectionImpl::subscribeReceivePacketHandler(this:0x1634a30, void)
[06/24/24 14:50:42:154][15049][A]:(00000009): AgoraService::createMediaNodeFactory(this:0x7fbdc8013160, void)
[06/24/24 14:50:42:154][15049][A]:(00000010): MediaNodeFactoryImpl::createAudioPcmDataSender(this:0x7fbdc801b760, void)
[06/24/24 14:50:42:154][15049][A]:(00000011): AgoraService::createCustomAudioTrack(this:0x7fbdc8013160, audioSource:0x16cdb50)
[06/24/24 14:50:42:155][15049][A]:(00000012): MediaNodeFactoryImpl::createVideoFrameSender(this:0x7fbdc801b760, void)
[06/24/24 14:50:42:155][15049][A]:(00000013): AgoraService::createCustomVideoTrack(this:0x7fbdc8013160, videoSource:0x16c4090)
[06/24/24 14:50:42:158][15049][A]:(00000014):   VideoFrameAdapter::setOutputFormat(this:0x7fbdc8551e50, format:(width:960, height:540, fps:15))
[06/24/24 14:50:42:158][15049][A]:(00000015):   LocalVideoTrackImpl::setEnabled(this:0x16cc780, enable:0)
[06/24/24 14:50:42:158][15049][A]:(00000016): RtcConnectionImpl::registerObserver(this:0x1634a30, observer:0x1712a40)
[06/24/24 14:50:42:158][15049][A]:(00000017): RtcConnectionImpl::connect(this:0x1634a30, token:"a****3", channelId:"agora", userId:"0")
[06/24/24 14:50:42:164][15049][A]:(00000018): LocalUserImpl::setPlaybackAudioFrameBeforeMixingParameters(this:0x7fbdc8283990, numberOfChannels:1, sampleRateHz:16000)
[06/24/24 14:50:42:167][15053][A]:(00000019): RtcConnectionImpl::stopLastmileProbeTest(this:0x1634a30, void)
[06/24/24 14:50:42:168][15053][A]:(00000020): RtcConnectionImpl::setConnectionState(this:0x1634a30, state: 2)
[06/24/24 14:50:42:168][15053][A]:(00000021): LegacyEventProxy::onConnectionStateChanged->onConnecting(this:0x16c36f0, channel:"agora", userId:"0", reason:0)
[06/24/24 14:50:42:170][15049][A]:(00000022): LocalUserImpl::registerAudioFrameObserver(this:0x7fbdc8283990, observer:0x1713100)
[06/24/24 14:50:42:172][15053][A]:(00000023): LocalVideoTrackImpl::SetVideoEncoderConfigurationInternal(this:0x16cc780, config:(codecType:2, dimensions:(width:352, height:288), frameRate:25, bitrate:146800, minBitrate:14680, orientationMode:0, degradationPreference:0, compressionPreference:0, encodingPreference:-1 priority:3))
[06/24/24 14:50:42:173][15053][A]:(00000024):   VideoFrameAdapter::setOutputFormat(this:0x7fbdc8551e50, format:(width:352, height:288, fps:25))
[06/24/24 14:50:42:173][15049][A]:(00000025): LocalAudioTrackPcmImpl::setEnabled(this:0x16d0d10, enable:1)
[06/24/24 14:50:42:173][15053][A]:(00000026): LocalAudioTrackImpl::setEnabled(this:0x16d0d10, enable: 1)
[06/24/24 14:50:42:173][15049][A]:(00000027): LocalUserImpl::publishAudio(this:0x7fbdc8283990, audioTrack:0x16d0d10, this 0x7fbdc8283990 )
[06/24/24 14:50:42:173][15053][A]:(00000028): LocalAudioTrackImpl::attach(this:0x16d0d10, sourceId: 3147431818)
[06/24/24 14:50:42:173][15049][A]:(00000029): LocalVideoTrackImpl::setEnabled(this:0x16cc780, enable:1)
[06/24/24 14:50:42:173][15053][A]:(00000030): VideoFrameWatermarker::onSinkWantsChanged(this:0x7fbdc854fd70, rotation_applied:0, black_frames: 0, max_pixel_count: 2147483647, target_pixel_count: 0, max_framerate_fps: 2147483647)
[06/24/24 14:50:42:173][15053][A]:(00000031): VideoFrameWatermarker::onSinkWantsChanged(this:0x7fbdc854fd70, rotation_applied:0, black_frames: 0, max_pixel_count: 2147483647, target_pixel_count: 0, max_framerate_fps: 2147483647)
[06/24/24 14:50:42:173][15053][A]:(00000032): VideoFrameWatermarker::onSinkWantsChanged(this:0x7fbdc854fd70, rotation_applied:0, black_frames: 0, max_pixel_count: 2147483647, target_pixel_count: 0, max_framerate_fps: 2147483647)
[06/24/24 14:50:42:173][15053][A]:(00000033): VideoFrameWatermarker::onSinkWantsChanged(this:0x7fbdc8551670, rotation_applied:0, black_frames: 0, max_pixel_count: 2147483647, target_pixel_count: 0, max_framerate_fps: 2147483647)
[06/24/24 14:50:42:173][15053][A]:(00000034): VideoFrameWatermarker::onSinkWantsChanged(this:0x7fbdc854fd70, rotation_applied:0, black_frames: 0, max_pixel_count: 2147483647, target_pixel_count: 0, max_framerate_fps: 2147483647)
[06/24/24 14:50:42:174][15049][A]:(00000035): LocalUserImpl::publishVideo(this:0x7fbdc8283990, videoTrack:0x16cc780)
[06/24/24 14:50:42:177][15053][A]:(00000036): VideoFrameWatermarker::onSinkWantsChanged(this:0x7fbdc8551670, rotation_applied:0, black_frames: 0, max_pixel_count: 2147483647, target_pixel_count: 0, max_framerate_fps: 2147483647)
[06/24/24 14:50:42:177][15053][A]:(00000037): VideoFrameWatermarker::onSinkWantsChanged(this:0x7fbdc854fd70, rotation_applied:0, black_frames: 0, max_pixel_count: 2147483647, target_pixel_count: 0, max_framerate_fps: 2147483647)
[06/24/24 14:50:42:177][15116][A]:(00000038): VideoFrameWatermarker::onSinkWantsChanged(this:0x7fbdc8551670, rotation_applied:0, black_frames: 0, max_pixel_count: 2147483647, target_pixel_count: 0, max_framerate_fps: 2147483647)
[06/24/24 14:50:42:177][15116][A]:(00000039): VideoFrameWatermarker::onSinkWantsChanged(this:0x7fbdc854fd70, rotation_applied:0, black_frames: 0, max_pixel_count: 2147483647, target_pixel_count: 0, max_framerate_fps: 2147483647)
[06/24/24 14:50:42:178][15053][A]:(00000040): VideoFrameAdapter::setOutputFormat(this:0x7fbdc8551e50, format:(width:352, height:288, fps:25))
[06/24/24 14:50:42:178][15053][A]:(00000041): VideoFrameWatermarker::onSinkWantsChanged(this:0x7fbdc8551670, rotation_applied:0, black_frames: 0, max_pixel_count: 2147483647, target_pixel_count: 0, max_framerate_fps: 2147483647)
[06/24/24 14:50:42:178][15053][A]:(00000042): VideoFrameWatermarker::onSinkWantsChanged(this:0x7fbdc854fd70, rotation_applied:0, black_frames: 0, max_pixel_count: 2147483647, target_pixel_count: 0, max_framerate_fps: 2147483647)
[06/24/24 14:50:42:178][15049][A]:(00000043): AudioPcmDataSenderImpl::sendAudioPcmDataEx(this:0x16cdb50, audio_data:0x7fbdd339aa28, capture_timestamp:0, samples_per_channel:160, bytes_per_sample:2, number_of_channels:1, sample_rate:16000, audio_track_number:0)
[06/24/24 14:50:42:178][15049][A]:(00000044): AudioPcmDataSenderImpl::sendAudioPcmDataEx(this:0x16cdb50, audio_data:0x7fbdd339ab90, capture_timestamp:0, samples_per_channel:160, bytes_per_sample:2, number_of_channels:1, sample_rate:16000, audio_track_number:0)
[06/24/24 14:50:42:178][15049][A]:(00000045): AudioPcmDataSenderImpl::sendAudioPcmDataEx(this:0x16cdb50, ... (ignore to avoid too many logs))
[06/24/24 14:50:42:178][15049][A]:(00000046): VideoFrameSenderImpl::sendVideoFrame(this:0x16c4090, sendVideoFrame type: 1)
[06/24/24 14:50:42:200][15053][A]:(00000047): RtcEngine::setParametersByTds(this:0x7fbdc802a270, {"parameters":{"rtc.enable_xdump":true,"rtc.enable_xdump_file":true,"rtc.enable_xdump_upload":true}})
[06/24/24 14:50:42:219][15049][A]:(00000048): VideoFrameSenderImpl::sendVideoFrame(this:0x16c4090, sendVideoFrame type: 1)
[06/24/24 14:50:42:259][15049][A]:(00000049): VideoFrameSenderImpl::sendVideoFrame(this:0x16c4090, sendVideoFrame type: 1)
[06/24/24 14:50:42:299][15049][A]:(00000050): VideoFrameSenderImpl::sendVideoFrame(this:0x16c4090, ... (ignore to avoid too many logs))
[06/24/24 14:50:42:410][15053][A]:(00000051): RtcEngine::setParametersByTds(this:0x7fbdc802a270, {"parameters":{"rtc.log_encryption":false,"rtc.log_encryption_mode":0,"rtc.log_encryption_salt":""}})
[06/24/24 14:50:42:410][15053][A]:(00000052): RtcEngine::setParametersByTds(this:0x7fbdc802a270, {"parameters":{"rtm.login_with_config":true}})
[06/24/24 14:50:42:410][15053][A]:(00000053): RtcEngine::setParametersByTds(this:0x7fbdc802a270, {"parameters":{"AUDIO_VOLUME_INDICATION_INTERVAL":3001}})
[06/24/24 14:50:42:410][15053][A]:(00000054): RtcEngine::setParametersByTds(this:0x7fbdc802a270, {"parameters":{"rtc.log_encryption":false,"rtc.log_encryption_mode":1,"rtc.log_encryption_salt":"aabcdz"}})
[06/24/24 14:50:42:410][15053][A]:(00000055): RtcEngine::setParametersByTds(this:0x7fbdc802a270, {"parameters":{"rtc.ip_global_area":["101.251.217.28","120.92.182.222","182.61.143.198","2408:4005:36d:1303:2d8c:443e:f22b:4d0d","2408:400a:4d:e404:cef9:28eb:8f2c:546a"]}})
[06/24/24 14:50:42:411][15053][A]:(00000056): RtcEngine::setParametersByTds(this:0x7fbdc802a270, {"parameters":{"WEBSOCKET_COMPRESS":false}})
[06/24/24 14:50:42:411][15053][A]:(00000057): RtcEngine::setParametersByTds(this:0x7fbdc802a270, {"parameters":{"uplink":{"max_bitrate":4000,"min_bitrate":400}}})
[06/24/24 14:50:42:411][15053][A]:(00000058): RtcEngine::setParametersByTds(this:0x7fbdc802a270, {"parameters":{"rtc.max_sub_peers":200}})
[06/24/24 14:50:42:411][15053][A]:(00000059): RtcEngine::setParametersByTds(this:0x7fbdc802a270, {"parameters":{"che.audio.sf.nlpHbandAgg":1}})
[06/24/24 14:50:42:454][15053][A]:(00000060): RtcConnectionImpl::setConnectionState(this:0x1634a30, state: 3)
[06/24/24 14:50:42:454][15053][A]:(00000061): LegacyEventProxy::onJoinChannelSuccess->onConnected(this:0x16c36f0, channel:"agora", uid:"3956010921", elapsed:296)
[06/24/24 14:50:42:454][15053][A]:(00000062):   RtcConnectionImpl::getUserInfoByUid(this:0x1634a30, uid:3956010921)
[06/24/24 14:50:42:454][15053][A]:(00000063):   RtcConnectionImpl::setLocalUserId(this:0x1634a30, userId:"3956010921")
[06/24/24 14:50:42:454][15053][A]:(00000064): LocalUserImpl::forceNextIntraFrame(this:0x7fbdc8283990, void)
[06/24/24 14:50:42:743][15116][A]:(00000065): VideoFrameWatermarker::onSinkWantsChanged(this:0x7fbdc8551670, rotation_applied:0, black_frames: 0, max_pixel_count: 2147483647, target_pixel_count: 0, max_framerate_fps: 15)
[06/24/24 14:50:42:743][15116][A]:(00000066): VideoFrameWatermarker::onSinkWantsChanged(this:0x7fbdc854fd70, rotation_applied:0, black_frames: 0, max_pixel_count: 2147483647, target_pixel_count: 0, max_framerate_fps: 15)
[06/24/24 14:50:42:904][15116][A]:(00000067): VideoFrameWatermarker::onSinkWantsChanged(this:0x7fbdc8551670, rotation_applied:0, black_frames: 0, max_pixel_count: 2147483647, target_pixel_count: 0, max_framerate_fps: 14)
[06/24/24 14:50:42:904][15116][A]:(00000068): VideoFrameWatermarker::onSinkWantsChanged(this:0x7fbdc854fd70, rotation_applied:0, black_frames: 0, max_pixel_count: 2147483647, target_pixel_count: 0, max_framerate_fps: 14)
[06/24/24 14:50:43:225][15116][A]:(00000069): VideoFrameWatermarker::onSinkWantsChanged(this:0x7fbdc8551670, rotation_applied:0, black_frames: 0, max_pixel_count: 2147483647, target_pixel_count: 0, max_framerate_fps: 13)
[06/24/24 14:50:43:225][15116][A]:(00000070): VideoFrameWatermarker::onSinkWantsChanged(this:0x7fbdc854fd70, rotation_applied:0, black_frames: 0, max_pixel_count: 2147483647, target_pixel_count: 0, max_framerate_fps: 13)
[06/24/24 14:50:43:547][15116][A]:(00000071): VideoFrameWatermarker::onSinkWantsChanged(this:0x7fbdc8551670, rotation_applied:0, black_frames: 0, max_pixel_count: 2147483647, target_pixel_count: 0, max_framerate_fps: 12)
[06/24/24 14:50:43:547][15116][A]:(00000072): VideoFrameWatermarker::onSinkWantsChanged(this:0x7fbdc854fd70, rotation_applied:0, black_frames: 0, max_pixel_count: 2147483647, target_pixel_count: 0, max_framerate_fps: 12)
[06/24/24 14:50:43:909][15116][A]:(00000073): VideoFrameWatermarker::onSinkWantsChanged(this:0x7fbdc8551670, rotation_applied:0, black_frames: 0, max_pixel_count: 2147483647, target_pixel_count: 0, max_framerate_fps: 11)
[06/24/24 14:50:43:909][15116][A]:(00000074): VideoFrameWatermarker::onSinkWantsChanged(this:0x7fbdc854fd70, rotation_applied:0, black_frames: 0, max_pixel_count: 2147483647, target_pixel_count: 0, max_framerate_fps: 11)
[06/24/24 14:50:44:271][15116][A]:(00000075): VideoFrameWatermarker::onSinkWantsChanged(this:0x7fbdc8551670, rotation_applied:0, black_frames: 0, max_pixel_count: 2147483647, target_pixel_count: 0, max_framerate_fps: 10)
[06/24/24 14:50:44:272][15116][A]:(00000076): VideoFrameWatermarker::onSinkWantsChanged(this:0x7fbdc854fd70, rotation_applied:0, black_frames: 0, max_pixel_count: 2147483647, target_pixel_count: 0, max_framerate_fps: 10)
[06/24/24 14:50:44:675][15116][A]:(00000077): VideoFrameWatermarker::onSinkWantsChanged(this:0x7fbdc8551670, rotation_applied:0, black_frames: 0, max_pixel_count: 2147483647, target_pixel_count: 0, max_framerate_fps: 9)
[06/24/24 14:50:44:675][15116][A]:(00000078): VideoFrameWatermarker::onSinkWantsChanged(this:0x7fbdc854fd70, rotation_applied:0, black_frames: 0, max_pixel_count: 2147483647, target_pixel_count: 0, max_framerate_fps: 9)
[06/24/24 14:50:46:004][15116][A]:(00000079): VideoFrameWatermarker::onSinkWantsChanged(this:0x7fbdc8551670, rotation_applied:0, black_frames: 0, max_pixel_count: 2147483647, target_pixel_count: 0, max_framerate_fps: 8)
[06/24/24 14:50:46:004][15116][A]:(00000080): VideoFrameWatermarker::onSinkWantsChanged(this:0x7fbdc854fd70, rotation_applied:0, black_frames: 0, max_pixel_count: 2147483647, target_pixel_count: 0, max_framerate_fps: 8)
[06/24/24 14:50:46:202][15049][A]:(00000081): LocalUserImpl::unpublishAudio(this:0x7fbdc8283990, audioTrack:0x16d0d10)
[06/24/24 14:50:46:202][15053][A]:(00000082): LocalAudioTrackImpl::detach(this:0x16d0d10, reason: 0)
[06/24/24 14:50:46:202][15049][A]:(00000083): LocalUserImpl::unregisterAudioFrameObserver(this:0x7fbdc8283990, observer:0x1713100)
[06/24/24 14:50:46:202][15049][A]:(00000084): RtcConnectionImpl::disconnect(this:0x1634a30, void)
[06/24/24 14:50:46:204][15053][A]:(00000085): RtcConnectionImpl::setConnectionState(this:0x1634a30, state: 1)
[06/24/24 14:50:46:204][15053][A]:(00000086): LegacyEventProxy::onConnectionStateChanged->onDisconnected(this:0x16c36f0, channel:"agora", userId:"3956010921", reason:5)
[06/24/24 14:50:47:206][15049][A]:(00000087): RtcConnectionImpl::unregisterObserver(this:0x1634a30, observer:0x1712a40)
[06/24/24 14:50:47:206][15053][A]:(00000088): LocalAudioTrackPcmImpl::enableLocalPlayback(this:0x16d0d10, enable:0, sync:1)
[06/24/24 14:50:47:206][15053][A]:(00000089):   LocalAudioTrackImpl::enableLocalPlayback(this:0x16d0d10, enable:0, sync:1)
[06/24/24 14:50:47:206][15053][A]:(00000090):   LocalAudioTrackPcmImpl::disableLocalPlayback(this:0x16d0d10, void)
[06/24/24 14:50:47:206][15053][A]:(00000091): RtcConnectionImpl::unsubscribeReceivePacketHandler(this:0x1634a30, void)
[06/24/24 14:50:47:207][15053][A]:(00000092): LocalVideoTrackImpl::setEnabled(this:0x16cc780, enable:0)
[06/24/24 14:50:47:207][15053][A]:(00000093): LocalVideoTrackImpl::enableSimulcastStreamInternal(this:0x16cc780, enable:0, config:(dimensions:(width:-1, height:-1), bitrateKbps:-1))
[06/24/24 14:50:47:207][15110][A]:(00000094): VideoFrameAdapter::setEnabled(this:0x7fbdc8551e50, enable:0)
[06/24/24 14:50:47:208][15053][A]:(00000095): RtcConnectionImpl::stopService(this:0x1634a30, waitForAll:0)
[06/24/24 14:50:47:209][15049][A]:(00000096): AgoraService::release(this:0x7fbdc8013160, void)
[06/24/24 14:50:47:211][15053][A]:(00000097): AgoraService::~AgoraService(this:0x7fbdc8013160, void)
