[06/24/24 18:25:08:753][981419][I]:[ADGM](140318461308864): create diagnostic modules size 2
[06/24/24 18:25:08:753][981419][I]:[tactics] 85% to Ramp up finished( 161480 / 400 )

[06/24/24 18:25:08:768][981419][W]:[STRATEGY RUNNER] strategy chain not found! timer_type type:1
[06/24/24 18:25:08:780][981419][W]:[pathfinder] set fuel Sucess: 254
[06/24/24 18:25:08:785][981458][I]:(audio_encoder_opus.cc:488):  low:0 high:2000 low_en:0 high_en:0 low_dis:0 high_dis:2000 low_over:0 high_over:720 low_normal:0 high_normal:1280 d_len:0
[06/24/24 18:25:08:808][981419][I]:100: encode webJoinChangeVideoCodec
[06/24/24 18:25:08:808][981419][I]:[STRATEGY MANAGER] ->OnProactiveCall. hook_type:3
[06/24/24 18:25:08:808][981419][W]:[STRATEGY RUNNER] strategy chain not found! hook_type type:3
[06/24/24 18:25:08:812][981419][W]:[pathfinder] set fuel Sucess: 254
[06/24/24 18:25:08:843][981419][I]:[12275833978301087806|remote:180.******.248:8443] end time wait
[06/24/24 18:25:08:875][981419][I]:[1517470562988509525|remote:139.******.146:8443] end time wait
[06/24/24 18:25:08:890][981461][I]:(video_stream_encoder.cc:378): Adjust framerate to: 10
[06/24/24 18:25:08:890][981461][I]:(video_stream_encoder.cc:379): Adjust resolution, max pixels: 2147483647
[06/24/24 18:25:08:890][981461][A]:(00000069): VideoFrameWatermarker::onSinkWantsChanged(this:0x7f9e704f53a0, rotation_applied:0, black_frames: 0, max_pixel_count: 2147483647, target_pixel_count: 0, max_framerate_fps: 10)
[06/24/24 18:25:08:890][981461][A]:(00000070): VideoFrameWatermarker::onSinkWantsChanged(this:0x7f9e704f4fb0, rotation_applied:0, black_frames: 0, max_pixel_count: 2147483647, target_pixel_count: 0, max_framerate_fps: 10)
[06/24/24 18:25:08:988][981419][I]:MtuController setProbedMtu: 1294
[06/24/24 18:25:08:988][981419][I]:[remote:61.******.196:4057] Probe MTU to remote finished. Current MTU: 1350 Target MTU: 1350
[06/24/24 18:25:09:163][981419][I]:[8631438898314331180|remote:13.******.235:8443] end time wait
[06/24/24 18:25:09:269][981419][W]:[STRATEGY RUNNER] strategy chain not found! timer_type type:1
[06/24/24 18:25:09:293][981461][I]:(video_stream_encoder.cc:378): Adjust framerate to: 9
[06/24/24 18:25:09:293][981461][I]:(video_stream_encoder.cc:379): Adjust resolution, max pixels: 2147483647
[06/24/24 18:25:09:293][981461][A]:(00000071): VideoFrameWatermarker::onSinkWantsChanged(this:0x7f9e704f53a0, rotation_applied:0, black_frames: 0, max_pixel_count: 2147483647, target_pixel_count: 0, max_framerate_fps: 9)
[06/24/24 18:25:09:293][981461][A]:(00000072): VideoFrameWatermarker::onSinkWantsChanged(this:0x7f9e704f4fb0, rotation_applied:0, black_frames: 0, max_pixel_count: 2147483647, target_pixel_count: 0, max_framerate_fps: 9)
[06/24/24 18:25:09:296][981419][I]:[14196374314664114843|remote:13.******.196:8443] end time wait
[06/24/24 18:25:09:356][981419][I]:[vos-ctrl] loss type changed, lastLossType 1, currentLossType 0, uplinkLoss 0 
[06/24/24 18:25:09:394][981419][I]:[238407803009781662|remote:52.******.170:8443] end time wait
[06/24/24 18:25:09:557][981419][I]:[1212505885319524298|remote:13.******.196:8443] end time wait
[06/24/24 18:25:09:591][981419][I]:[145182821385612950|remote:50.******.121:8443] end time wait
[06/24/24 18:25:09:621][981419][I]:[8135788886479321938|remote:52.******.170:8443] end time wait
[06/24/24 18:25:09:769][981419][W]:[STRATEGY RUNNER] strategy chain not found! timer_type type:1
[06/24/24 18:25:09:849][981419][I]:[CONN-0]on bill stats upstream width 352 height 288 local flag 2
[06/24/24 18:25:10:181][981461][I]:(video_stream_encoder.cc:378): Adjust framerate to: 8
[06/24/24 18:25:10:181][981461][I]:(video_stream_encoder.cc:379): Adjust resolution, max pixels: 2147483647
[06/24/24 18:25:10:181][981461][A]:(00000073): VideoFrameWatermarker::onSinkWantsChanged(this:0x7f9e704f53a0, rotation_applied:0, black_frames: 0, max_pixel_count: 2147483647, target_pixel_count: 0, max_framerate_fps: 8)
[06/24/24 18:25:10:181][981461][A]:(00000074): VideoFrameWatermarker::onSinkWantsChanged(this:0x7f9e704f4fb0, rotation_applied:0, black_frames: 0, max_pixel_count: 2147483647, target_pixel_count: 0, max_framerate_fps: 8)
[06/24/24 18:25:10:269][981419][W]:[STRATEGY RUNNER] strategy chain not found! timer_type type:1
[06/24/24 18:25:10:642][981457][W]:Fluency TX: reason 14, delay 280, send_delay 121
[06/24/24 18:25:10:703][981461][I]:(video_stream_encoder.cc:378): Adjust framerate to: 7
[06/24/24 18:25:10:703][981461][I]:(video_stream_encoder.cc:379): Adjust resolution, max pixels: 2147483647
[06/24/24 18:25:10:703][981461][A]:(00000075): VideoFrameWatermarker::onSinkWantsChanged(this:0x7f9e704f53a0, rotation_applied:0, black_frames: 0, max_pixel_count: 2147483647, target_pixel_count: 0, max_framerate_fps: 7)
[06/24/24 18:25:10:703][981461][A]:(00000076): VideoFrameWatermarker::onSinkWantsChanged(this:0x7f9e704f4fb0, rotation_applied:0, black_frames: 0, max_pixel_count: 2147483647, target_pixel_count: 0, max_framerate_fps: 7)
[06/24/24 18:25:10:768][981419][W]:[STRATEGY RUNNER] strategy chain not found! timer_type type:1
[06/24/24 18:25:10:771][981419][I]:[ADGM-UP](0x7f9e70742a30): uplink enabled 1
[06/24/24 18:25:10:771][981419][E]:[ADGM-UP](0x7f9e70742a30): state 50, category 53, reason -1 due to invalid send bitrate 0, audio send stream size 1
[06/24/24 18:25:10:771][981419][I]:[ADGM-UPDOWN](0x7f9e70742a30): module internal initial state 50, category 53, reason -1
[06/24/24 18:25:10:771][981419][I]:[ADGM-DOWN](0x7f9e7072c480): downlink enabled 1
[06/24/24 18:25:10:771][981419][I]:[ADGM-UPDOWN](0x7f9e7072c480): module internal initial state 100, category 1, reason 101
[06/24/24 18:25:10:779][981465][I]:get_default_route ipv6 not exist
[06/24/24 18:25:10:779][981465][I]:localIp4:172.18.71.196 localIp6:fe80::216:3eff:fe38:1ece gw4:172.18.79.253 gw6:
[06/24/24 18:25:10:780][981419][W]:[pathfinder] set fuel Sucess: 254
[06/24/24 18:25:10:789][981458][I]:(audio_encoder_opus.cc:488):  low:0 high:2000 low_en:0 high_en:0 low_dis:0 high_dis:2000 low_over:0 high_over:480 low_normal:0 high_normal:1520 d_len:0
[06/24/24 18:25:10:813][981419][W]:[pathfinder] set fuel Sucess: 254
[06/24/24 18:25:10:823][981416][A]:(00000077): LocalUserImpl::unpublishAudio(this:0x7f9e702ec150, audioTrack:0x556a3d844750)
[06/24/24 18:25:10:823][981419][I]:[ASM]: Unpublish local audio track 0x556a3d844750
[06/24/24 18:25:10:823][981419][I]:[LATP]: detaching with reason 0
[06/24/24 18:25:10:823][981419][I]:[LATP]: doDetach pcm track 
[06/24/24 18:25:10:823][981419][I]:[AMB]: Remove audio source 0x7f9e706260f8
[06/24/24 18:25:10:823][981419][I]:(audio_device_buffer.cc:207): StopRecording
[06/24/24 18:25:10:823][981419][I]:(audio_device_buffer.cc:226): total recording time: 4040
[06/24/24 18:25:10:823][981419][I]:(audio_device_buffer.cc:104): RegisterAudioCallback
[06/24/24 18:25:10:823][981419][I]:[AS]: stop fake adm timer driving.
[06/24/24 18:25:10:823][981419][A]:(00000078): LocalAudioTrackImpl::detach(this:0x556a3d844750, reason: 0)
[06/24/24 18:25:10:823][981419][I]:[RtcContext] onSetParameters {"che.audio.has_published_stream":false}
[06/24/24 18:25:10:823][981419][I]:[ConfigUtil] onSetParameters {"che.audio.has_published_stream":false}
[06/24/24 18:25:10:823][981419][I]:[LUR] onMuteLocalAudio mute:1
[06/24/24 18:25:10:823][981419][I]:PublishStateManager::onAudioMuted 1
[06/24/24 18:25:10:823][981419][I]:PublishStateManager::doAudioAction action kUnpublish, audio_current_state_: PUB_STATE_PUBLISHED
[06/24/24 18:25:10:823][981419][I]:PublishStateManager::doAudioAction PUB_STATE_PUBLISHED => PUB_STATE_NO_PUBLISHED
[06/24/24 18:25:10:823][981419][I]:[LUR] onAudioPublishStateChanged oldState:3, newState:1, elapseSinceLastState:3960
[06/24/24 18:25:10:824][981419][I]:[ConfigUtil] on set parameters doc='{"che.audio.has_published_stream":false}', ret=0
[06/24/24 18:25:10:824][981458][I]:(bitrate_allocator.cc:323): UpdateAllocationLimits : total_requested_min_bitrate: 30000bps, total_requested_padding_bitrate: 14680bps, total_requested_max_bitrate: 161480bps
[06/24/24 18:25:10:824][981458][I]:(bitrate_allocator.cc:330): bitrate_observer_configs_: track_id 2, min/max bitrate 30000,161480
[06/24/24 18:25:10:824][981419][I]:(call.cc:1382): UpdateAggregateNetworkState: aggregate_state=down
[06/24/24 18:25:10:824][981419][I]:(send_side_congestion_controller.cc:582): SignalNetworkState Down
[06/24/24 18:25:10:824][981419][I]:(audio_send_stream.cc:217): ~AudioSendStream: 29241
[06/24/24 18:25:10:824][981458][I]:(paced_sender.cc:117): PacedSender paused.
[06/24/24 18:25:10:824][981458][I]:(send_side_congestion_controller.cc:335): Bitrate estimate state changed, BWE: 0 bps.
[06/24/24 18:25:10:824][981419][I]:[ANTP]: Send stream 0x7f9e705d4650 stopped
[06/24/24 18:25:10:824][981419][I]:PublishStateManager::onUnpublishAudio 1 audio tracks was yet published
[06/24/24 18:25:10:824][981419][I]:PublishStateManager::doAudioAction action kUnpublish, audio_current_state_: PUB_STATE_NO_PUBLISHED
[06/24/24 18:25:10:824][981416][A]:(00000079): LocalUserImpl::unregisterAudioFrameObserver(this:0x7f9e702ec150, observer:0x556a3d9244f0)
[06/24/24 18:25:10:824][981416][A]:(00000080): RtcConnectionImpl::disconnect(this:0x556a3d8e9ec0, void)
[06/24/24 18:25:10:824][981419][I]:[CONN-0][CM]: emit leave channel signal
[06/24/24 18:25:10:824][981419][I]:[remote:61.******.196:4057] SetFromConfig enable_congestion_control_limit:false, 
[06/24/24 18:25:10:825][981419][I]:CounterReporterMgr::force reoport
[06/24/24 18:25:10:825][981419][I]:[794393449487541244|remote:115.******.8:8130] SetFromConfig congestion_feedback_interval:200, update_stats_interval:500, low_resolution_timer_interval:200, 
[06/24/24 18:25:10:826][981419][I]:[ADGM](140318461308864): stats valid 0
[06/24/24 18:25:10:826][981419][I]:[ADGM-DOWN](0x7f9e7072c480): AudioDiagnosticModuleDownlink ~dtor
[06/24/24 18:25:10:826][981419][I]:[ADGM-UPDOWN](0x7f9e7072c480): AudioDiagnosticModuleUpDownBase ~dtor
[06/24/24 18:25:10:826][981419][I]:[ADGM-UP](0x7f9e70742a30): AudioDiagnosticModuleUplink ~dtor
[06/24/24 18:25:10:826][981419][I]:[ADGM-UPDOWN](0x7f9e70742a30): AudioDiagnosticModuleUpDownBase ~dtor
[06/24/24 18:25:10:826][981419][I]:[ADGM](140318461308864): clear diagnostic modules, report_quit_state 1
[06/24/24 18:25:10:826][981419][I]:[LUR]: Leave channel, start to deatch remote tracks
[06/24/24 18:25:10:826][981419][I]:[LVT]:  ClearVideoConfigs 
[06/24/24 18:25:10:826][981419][I]:(audio_state.cc:95): SetPlayout(0)
[06/24/24 18:25:10:826][981419][I]:(audio_state.cc:125): really stop playout, playout_started_count: 0 force: 0
[06/24/24 18:25:10:826][981419][W]:[ADMW]: StopPlayout failed: no adm.
[06/24/24 18:25:10:826][981419][I]:PublishStateManager::onLeaveChannel
[06/24/24 18:25:10:826][981419][I]:PublishStateManager::doAudioAction action kUnpublish, audio_current_state_: PUB_STATE_NO_PUBLISHED
[06/24/24 18:25:10:826][981419][I]:PublishStateManager::doVideoAction action kUnpublish, video_current_state_: PUB_STATE_PUBLISHED
[06/24/24 18:25:10:826][981419][I]:PublishStateManager::doVideoAction PUB_STATE_PUBLISHED => PUB_STATE_NO_PUBLISHED
[06/24/24 18:25:10:826][981419][I]:[LUR] onVideoPublishStateChanged oldState:3, newState:1, elapseSinceLastState:3977
[06/24/24 18:25:10:826][981419][I]:[CONN-0][ch0] outgoing stream 2 is closed, error: 5, detail: session closed by local instantly
[06/24/24 18:25:10:826][981419][I]:[CONN-0][ch0] outgoing stream 4 is closed, error: 5, detail: session closed by local instantly
[06/24/24 18:25:10:826][981419][I]:[CONN-0][ch0] outgoing stream 6 is closed, error: 5, detail: session closed by local instantly
[06/24/24 18:25:10:826][981419][I]:[CONN-0][ch0] outgoing stream 8 is closed, error: 5, detail: session closed by local instantly
[06/24/24 18:25:10:826][981419][I]:[remote:61.******.196:4057] start last ack, duration: 2000 ms
[06/24/24 18:25:10:826][981419][I]:[remote:61.******.196:4057] destroy session 0x7f9e7069fd60
[06/24/24 18:25:10:826][981419][I]:destroy session builder 0x7f9e70696000
[06/24/24 18:25:10:826][981419][I]:[remote:61.******.196:4057] destroy connection 0x7f9e7069c570
[06/24/24 18:25:10:826][981419][I]:[remote:61.******.196:4057] destroy path 0x7f9e7069caa0
[06/24/24 18:25:10:826][981419][I]:[CONN-0][CM]: connection state changed from 3 to 1 caused by reason[5]
[06/24/24 18:25:10:826][981419][A]:(00000081): RtcConnectionImpl::setConnectionState(this:0x556a3d8e9ec0, state: 1)
[06/24/24 18:25:10:826][981419][A]:(00000082): LegacyEventProxy::onConnectionStateChanged->onDisconnected(this:0x556a3d8e63f0, channel:"agora", userId:"3917961524", reason:5)
[06/24/24 18:25:10:826][981419][I]:**CALL STATS: duration 4s, tx 244.246K bytes, rx 110.401K bytes, total 354.647K bytes
[06/24/24 18:25:10:827][981419][I]:[CONN-0][ch0] vos2 is destroyed
[06/24/24 18:25:10:827][981419][I]:[8135788886479321938|remote:52.******.170:8443] destroy session 0x7f9e7070a730
[06/24/24 18:25:10:827][981419][I]:[8135788886479321938|remote:52.******.170:8443] destroy connection 0x7f9e706e1600
[06/24/24 18:25:10:827][981419][I]:[8135788886479321938|remote:52.******.170:8443] destroy path 0x7f9e706d4b40
[06/24/24 18:25:10:827][981419][I]:destroy session builder 0x7f9e705c5b20
[06/24/24 18:25:10:827][981419][I]:[1212505885319524298|remote:13.******.196:8443] destroy session 0x7f9e706eff40
[06/24/24 18:25:10:827][981419][I]:[1212505885319524298|remote:13.******.196:8443] destroy connection 0x7f9e706ed200
[06/24/24 18:25:10:827][981419][I]:[1212505885319524298|remote:13.******.196:8443] destroy path 0x7f9e706e3300
[06/24/24 18:25:10:827][981419][I]:destroy session builder 0x7f9e705c8bf0
[06/24/24 18:25:10:827][981419][I]:[12275833978301087806|remote:180.******.248:8443] destroy session 0x7f9e7068ba70
[06/24/24 18:25:10:827][981419][I]:[12275833978301087806|remote:180.******.248:8443] destroy connection 0x7f9e70681660
[06/24/24 18:25:10:827][981419][I]:[12275833978301087806|remote:180.******.248:8443] destroy path 0x7f9e70687da0
[06/24/24 18:25:10:827][981419][I]:destroy session builder 0x7f9e705c3120
[06/24/24 18:25:10:827][981419][I]:MtuController reset
[06/24/24 18:25:10:827][981419][I]:[CONN-0]***CALL END
[06/24/24 18:25:10:827][981419][I]:[CONN-0][CALLCTX] void agora::rtc::CallContext::onAudioMuteMe(bool): mute: 0, videoHasPublishedStream: 1
[06/24/24 18:25:10:827][981419][I]:[LUR] onMuteLocalAudio mute:1
[06/24/24 18:25:10:827][981419][I]:[RtcContext] onSetParameters {"che.audio.mute_me":false}
[06/24/24 18:25:10:827][981419][I]:[ConfigUtil] onSetParameters {"che.audio.mute_me":false}
[06/24/24 18:25:10:827][981419][I]:[CONN-0][CALLCTX] void agora::rtc::CallContext::onAudioMuteMe(bool): mute: 0, videoHasPublishedStream: 1
[06/24/24 18:25:10:827][981419][I]:[LUR] onMuteLocalAudio mute:1
[06/24/24 18:25:10:827][981419][I]:[ConfigUtil] on set parameters doc='{"che.audio.mute_me":false}', ret=0
[06/24/24 18:25:10:827][981419][I]:[LUR] onMuteLocalVideo mute:0
[06/24/24 18:25:10:827][981419][I]:[CONN-0][CALLCTX]: API call to SetRemoteDefaultVideoStreamType: 0
[06/24/24 18:25:10:827][981419][I]:[sub] set default video type high
[06/24/24 18:25:10:827][981419][I]:[CONN-0][CALLCTX]: onAudioStatusChanged enable audio
[06/24/24 18:25:10:827][981419][I]:ExtensionControlImpl::Get Extension Control 0x7f9e700b44c0
[06/24/24 18:25:11:269][981419][W]:[STRATEGY RUNNER] strategy chain not found! timer_type type:1
[06/24/24 18:25:11:755][981419][I]:[145182821385612950|remote:50.******.121:8443] destroy session 0x7f9e7070c3f0
[06/24/24 18:25:11:755][981419][I]:[145182821385612950|remote:50.******.121:8443] destroy connection 0x7f9e705ceb20
[06/24/24 18:25:11:755][981419][I]:[145182821385612950|remote:50.******.121:8443] destroy path 0x7f9e70089980
[06/24/24 18:25:11:755][981419][I]:destroy session builder 0x7f9e70054340
[06/24/24 18:25:11:755][981419][I]:[238407803009781662|remote:52.******.170:8443] destroy session 0x7f9e706e5ca0
[06/24/24 18:25:11:755][981419][I]:[238407803009781662|remote:52.******.170:8443] destroy connection 0x7f9e706e5490
[06/24/24 18:25:11:755][981419][I]:[238407803009781662|remote:52.******.170:8443] destroy path 0x7f9e706f8720
[06/24/24 18:25:11:755][981419][I]:destroy session builder 0x7f9e70074a70
[06/24/24 18:25:11:755][981419][I]:[14196374314664114843|remote:13.******.196:8443] destroy session 0x7f9e706dd2f0
[06/24/24 18:25:11:755][981419][I]:[14196374314664114843|remote:13.******.196:8443] destroy connection 0x7f9e7027cfb0
[06/24/24 18:25:11:755][981419][I]:[14196374314664114843|remote:13.******.196:8443] destroy path 0x7f9e706da4b0
[06/24/24 18:25:11:755][981419][I]:destroy session builder 0x7f9e70077e40
[06/24/24 18:25:11:755][981419][I]:[8631438898314331180|remote:13.******.235:8443] destroy session 0x7f9e706cc650
[06/24/24 18:25:11:755][981419][I]:[8631438898314331180|remote:13.******.235:8443] destroy connection 0x7f9e706ca050
[06/24/24 18:25:11:755][981419][I]:[8631438898314331180|remote:13.******.235:8443] destroy path 0x7f9e706ca580
[06/24/24 18:25:11:755][981419][I]:destroy session builder 0x7f9e7007b410
[06/24/24 18:25:11:766][981419][I]:[1517470562988509525|remote:139.******.146:8443] destroy session 0x7f9e706760a0
[06/24/24 18:25:11:766][981419][I]:[1517470562988509525|remote:139.******.146:8443] destroy connection 0x7f9e7067f0f0
[06/24/24 18:25:11:766][981419][I]:[1517470562988509525|remote:139.******.146:8443] destroy path 0x7f9e70676690
[06/24/24 18:25:11:766][981419][I]:destroy session builder 0x7f9e7008f250
[06/24/24 18:25:11:769][981419][W]:[STRATEGY RUNNER] strategy chain not found! timer_type type:1
[06/24/24 18:25:11:828][981416][A]:(00000083): RtcConnectionImpl::unregisterObserver(this:0x556a3d8e9ec0, observer:0x556a3d924340)
[06/24/24 18:25:11:828][981419][W]:[LATP]: Local audio pcm track has not been published
[06/24/24 18:25:11:828][981419][A]:(00000084): LocalAudioTrackPcmImpl::enableLocalPlayback(this:0x556a3d844750, enable:0, sync:1)
[06/24/24 18:25:11:828][981419][A]:(00000085):   LocalAudioTrackImpl::enableLocalPlayback(this:0x556a3d844750, enable:0, sync:1)
[06/24/24 18:25:11:828][981419][A]:(00000086):   LocalAudioTrackPcmImpl::disableLocalPlayback(this:0x556a3d844750, void)
[06/24/24 18:25:11:828][981419][I]:[LATP]: local playback has been disabled.
[06/24/24 18:25:11:828][981419][I]:[APS]: AudioPcmSource::~dtor(0x7f9e70527a28)
[06/24/24 18:25:11:828][981419][I]:[APT]: name:pcm_source_3147431818 AudioNodeMixerSource::~dtor(0x7f9e706260f0)
[06/24/24 18:25:11:828][981419][I]:[LUR]: 0x7f9e702ec150 destroying
[06/24/24 18:25:11:829][981419][A]:(00000087): RtcConnectionImpl::unsubscribeReceivePacketHandler(this:0x556a3d8e9ec0, void)
[06/24/24 18:25:11:829][981419][I]:[LVT]: detaching with reason:0.
[06/24/24 18:25:11:829][981419][I]:[video] VideoNodeTxProcessor Stop
[06/24/24 18:25:11:829][981461][I]:[VSE]: stop ...
[06/24/24 18:25:11:829][981419][I]:[VSE]: stop done
[06/24/24 18:25:11:829][981419][I]:[video] CCSender Stop
[06/24/24 18:25:11:829][981419][I]:(video_send_stream.cc:164): VideoSendStream::Stop
[06/24/24 18:25:11:829][981461][I]:[VSE]: stop permanently ...
[06/24/24 18:25:11:829][981458][I]:(video_send_stream_impl.cc:575): VideoSendStream::Stop
[06/24/24 18:25:11:829][981419][I]:[VSE]: stop permanently done
[06/24/24 18:25:11:829][981458][W]:(video_send_stream_impl.cc:584): remove bitrate observer because of stream stopped
[06/24/24 18:25:11:829][981458][W]:(video_send_stream_impl.cc:929): SignalEncoderDeactive: force_remove_observer? 1
[06/24/24 18:25:11:829][981458][I]:(bitrate_allocator.cc:323): UpdateAllocationLimits : total_requested_min_bitrate: 0bps, total_requested_padding_bitrate: 0bps, total_requested_max_bitrate: 0bps
[06/24/24 18:25:11:829][981458][I]:(video_send_stream_impl.cc:575): VideoSendStream::Stop
[06/24/24 18:25:11:829][981461][I]:(video_stream_encoder.cc:1736): Video suspend state changed to: suspended
[06/24/24 18:25:11:829][981458][I]:(video_send_stream_impl.cc:428): ~VideoSendStreamInternal: {encoder_settings: { experiment_cpu_load_estimator: off}}, rtp: {ssrcs: [3979545380], rtcp_mode: RtcpMode::kCompound, max_packet_size: 1200, extensions: [{uri: urn:3gpp:video-orientation, id: 4}, {uri: agora-video-flag, id: 13}, {uri: agora-video-meta-data, id: 14}, {uri: agora-video-metadata-end-to-end-time, id: 18}, {uri: video-ref-frame-number, id: 10}, {uri: agora-video-Bframe-info, id: 6}], nack: {rtp_history_ms: 0}, flexfec: {payload_type: -1, ssrc: 0, protected_media_ssrcs: []}, c_name: }, rtcp: {video_report_interval_ms: 1000, audio_report_interval_ms: 5000}, pre_encode_callback: nullptr, post_encode_callback: (EncodedFrameObserver), render_delay_ms: 0, target_delay_ms: 0, suspend_below_min_bitrate: off}
[06/24/24 18:25:11:829][981419][I]:(call.cc:1382): UpdateAggregateNetworkState: aggregate_state=down
[06/24/24 18:25:11:829][981419][I]:(send_side_congestion_controller.cc:582): SignalNetworkState Down
[06/24/24 18:25:11:830][981419][I]:(send_statistics_proxy.cc:584): Frames encoded 50
WebRTC.Video.DroppedFrames.Capturer 0
WebRTC.Video.DroppedFrames.EncoderQueue 0
WebRTC.Video.DroppedFrames.Encoder 0
WebRTC.Video.DroppedFrames.Ratelimiter 0
[06/24/24 18:25:11:830][981419][I]:[VNE]: Destroy local video track 0x7f9e70649dc0

[06/24/24 18:25:11:830][981419][I]:[RtcContext] onSetParameters {"rtc.video.capture":false}
[06/24/24 18:25:11:830][981419][I]:[ConfigUtil] onSetParameters {"rtc.video.capture":false}
[06/24/24 18:25:11:830][981419][I]:[ConfigUtil] on set parameters doc='{"rtc.video.capture":false}', ret=0
[06/24/24 18:25:11:830][981419][I]:[VSM] set parameters video.capture: false
[06/24/24 18:25:11:830][981419][I]:[LVT]: id 0 0x556a3d915110 is destroyed 
[06/24/24 18:25:11:830][981419][A]:(00000088): LocalVideoTrackImpl::setEnabled(this:0x556a3d915110, enable:0)
[06/24/24 18:25:11:830][981419][I]:[video] VideoNodeCustomSource Stop
[06/24/24 18:25:11:830][981419][I]:[LVT]: stop source_chain_[VideoNodeCustomSource].
[06/24/24 18:25:11:830][981419][I]:[video] built-in-source-filter Stop
[06/24/24 18:25:11:830][981419][I]:[LVT]: stop source_chain_[built-in-source-filter].
[06/24/24 18:25:11:830][981419][I]:[video] built-in-post-capturer-watermarker Stop
[06/24/24 18:25:11:830][981419][I]:[LVT]: stop post_capture_filters_[built-in-post-capturer-watermarker].
[06/24/24 18:25:11:830][981419][I]:[video] built-in-preview-tee Stop
[06/24/24 18:25:11:830][981419][I]:[video] built-in-adapter Stop
[06/24/24 18:25:11:830][981419][I]:[video] built-in-pre-encoder-watermarker Stop
[06/24/24 18:25:11:830][981419][I]:[video] built-in-major-tee Stop
[06/24/24 18:25:11:830][981419][I]:[video] CCSender Stop
[06/24/24 18:25:11:830][981455][A]:(00000089): VideoFrameAdapter::setEnabled(this:0x7f9e70551600, enable:0)
[06/24/24 18:25:11:830][981419][I]:[LVT]: local video state:0 error:0 last state:2
[06/24/24 18:25:11:830][981419][A]:(00000090): LocalVideoTrackImpl::enableSimulcastStreamInternal(this:0x556a3d915110, enable:0, config:(dimensions:(width:-1, height:-1), bitrateKbps:-1))
[06/24/24 18:25:11:830][981419][I]:[LVT]: Enable simulcast stream internal with same config, ignore it.
[06/24/24 18:25:11:830][981419][I]:[VW]: Destruct watermark object, this: 0x7f9e70553650.
[06/24/24 18:25:11:830][981419][I]:[VW]: Destruct watermark object, this: 0x7f9e70552760.
[06/24/24 18:25:11:830][981419][I]:[video] VideoNodeNetworkSource Stop
[06/24/24 18:25:11:830][981419][I]:[STRATEGY MANAGER] ->Stop.
[06/24/24 18:25:11:830][981419][I]:[STRATEGY MANAGER] Strategy Manager DeConstruct.
[06/24/24 18:25:11:830][981419][I]:[STRATEGY CONBINATOR]  deconstruct
[06/24/24 18:25:11:830][981419][I]:[STRATEGY LIBRARY] StrategyLibrary deconstruct
[06/24/24 18:25:11:830][981419][I]:[video] VideoNodeNetworkSink Stop
[06/24/24 18:25:11:830][981419][W]:[ASM]: AudioStreamManager::~dtor(0x7f9e7049d830)
[06/24/24 18:25:11:830][981443][I]:[ANMSS]: Remove audio source 0x7f9e704a6c58, number of sources 1
[06/24/24 18:25:11:830][981443][I]:[ANMSS]: Remove audio source 0x7f9e704a2c78, number of sources 0
[06/24/24 18:25:11:831][981419][I]:[APT]: name:observer_recording_source AudioNodeMixerSource::~dtor(0x7f9e704a6c50)
[06/24/24 18:25:11:831][981419][I]:[APT]: name:observer_playout_source AudioNodeMixerSource::~dtor(0x7f9e704a2c70)
[06/24/24 18:25:11:831][981419][I]:(call.cc:1382): UpdateAggregateNetworkState: aggregate_state=down
[06/24/24 18:25:11:831][981419][I]:(send_side_congestion_controller.cc:582): SignalNetworkState Down
[06/24/24 18:25:11:831][981419][I]:(call.cc:1382): UpdateAggregateNetworkState: aggregate_state=down
[06/24/24 18:25:11:831][981419][I]:(send_side_congestion_controller.cc:582): SignalNetworkState Down
[06/24/24 18:25:11:831][981419][I]:(paced_sender.cc:388): ProcessThreadAttached 0x(nil)
[06/24/24 18:25:11:831][981419][I]:(paced_sender.cc:388): ProcessThreadAttached 0x(nil)
[06/24/24 18:25:11:831][981419][I]:[ADGM](140318461308864): AudioDiagnosticManager::~dtor
[06/24/24 18:25:11:831][981419][I]:[ADGM](0x7f9e704e4958): resetManager
[06/24/24 18:25:11:831][981419][I]:(audio_device_buffer.cc:104): RegisterAudioCallback
[06/24/24 18:25:11:831][981419][I]:(audio_transport_impl.cc:62): SetPlaybackDataExtraProcessing processing = (nil).
[06/24/24 18:25:11:831][981419][I]:(audio_transport_impl.cc:55): SetRecordedDataExtraProcessing processing = (nil).
[06/24/24 18:25:11:831][981419][I]:(uplink_audio_processing_proxy.cc:361): SetRecordedDataExtraProcessing processing = (nil).
[06/24/24 18:25:11:831][981419][I]:(audio_transport_impl.cc:68): SetRecordedDataExtraProcessingEnable enable = 0.
[06/24/24 18:25:11:831][981419][I]:(uplink_audio_processing_proxy.cc:369): SetRecordedDataExtraProcessingEnable enable = 0.
[06/24/24 18:25:11:831][981419][I]:(audio_device_buffer.cc:98): AudioDeviceBuffer::~dtor
[06/24/24 18:25:11:832][981419][I]:(audio_device_buffer.cc:190): [] StopPlayout
[06/24/24 18:25:11:832][981419][I]:(audio_device_buffer.cc:197): total playout time: 5053
[06/24/24 18:25:11:832][981419][I]:(audio_device_buffer.cc:98): AudioDeviceBuffer::~dtor
[06/24/24 18:25:11:832][981419][I]:AudioDeviceModuleWrapper:: ~AudioDeviceModuleWrapper: 0x7f9e700d72f0
[06/24/24 18:25:11:832][981419][I]:AudioDeviceEventManager:: ~AudioDeviceEventManager: 0x7f9e7006fe20
[06/24/24 18:25:11:833][981419][I]:AudioDeviceEventHandlerGeneric: ~AudioDeviceEventHandlerGeneric
[06/24/24 18:25:11:833][981419][I]:AudioDeviceEventObserver: ~AudioDeviceEventObserver
[06/24/24 18:25:11:833][981419][A]:(00000091): RtcConnectionImpl::stopService(this:0x556a3d8e9ec0, waitForAll:0)
[06/24/24 18:25:11:834][981416][A]:(00000092): AgoraService::release(this:0x7f9e70013370, void)
[06/24/24 18:25:11:834][981419][I]:[cache-certs] success to flush aut certs size: 5674
[06/24/24 18:25:11:834][981419][I]:AgoraService::cleanup video cache
[06/24/24 18:25:11:834][981419][I]:AgoraService::release CleanupService
[06/24/24 18:25:11:834][981419][I]:PrepareUnInit enter...
[06/24/24 18:25:11:834][981419][I]:int32_t agora::rtc::AudioDeviceEventManager::PrepareUnInitInternal(): stop internal thread before uninit 
[06/24/24 18:25:11:834][981419][I]:PrepareUnInit exit...
[06/24/24 18:25:11:834][981419][I]:AudioDeviceEventManager:: ~AudioDeviceEventManager: 0x7f9e700b4800
[06/24/24 18:25:11:834][981419][I]:AudioDeviceEventHandlerGeneric: ~AudioDeviceEventHandlerGeneric
[06/24/24 18:25:11:834][981419][I]:AudioDeviceEventObserver: ~AudioDeviceEventObserver
[06/24/24 18:25:11:834][981419][W]:[ADMW]: Terminate failed: no adm.
[06/24/24 18:25:11:834][981419][I]:(audio_device_buffer.cc:104): RegisterAudioCallback
[06/24/24 18:25:11:834][981419][I]:(audio_transport_impl.cc:62): SetPlaybackDataExtraProcessing processing = (nil).
[06/24/24 18:25:11:834][981419][I]:(audio_transport_impl.cc:55): SetRecordedDataExtraProcessing processing = (nil).
[06/24/24 18:25:11:834][981419][I]:(uplink_audio_processing_proxy.cc:361): SetRecordedDataExtraProcessing processing = (nil).
[06/24/24 18:25:11:834][981419][I]:(audio_transport_impl.cc:68): SetRecordedDataExtraProcessingEnable enable = 0.
[06/24/24 18:25:11:834][981419][I]:(uplink_audio_processing_proxy.cc:369): SetRecordedDataExtraProcessingEnable enable = 0.
[06/24/24 18:25:11:834][981419][I]:(audio_device_buffer.cc:104): RegisterAudioCallback
[06/24/24 18:25:11:834][981419][E]:[AFC]: failed to find the to be removed audio filter remote_mixed_playback.
[06/24/24 18:25:11:834][981419][I]:(audio_transport_impl.cc:62): SetPlaybackDataExtraProcessing processing = (nil).
[06/24/24 18:25:11:834][981419][I]:(audio_transport_impl.cc:55): SetRecordedDataExtraProcessing processing = (nil).
[06/24/24 18:25:11:834][981419][I]:(uplink_audio_processing_proxy.cc:361): SetRecordedDataExtraProcessing processing = (nil).
[06/24/24 18:25:11:834][981419][I]:(audio_transport_impl.cc:68): SetRecordedDataExtraProcessingEnable enable = 0.
[06/24/24 18:25:11:834][981419][I]:(uplink_audio_processing_proxy.cc:369): SetRecordedDataExtraProcessingEnable enable = 0.
[06/24/24 18:25:11:834][981419][I]:(audio_device_buffer.cc:98): AudioDeviceBuffer::~dtor
[06/24/24 18:25:11:836][981419][I]:AudioDeviceModuleWrapper:: ~AudioDeviceModuleWrapper: 0x7f9e700ce680
[06/24/24 18:25:11:836][981419][I]:MediaNodeFactoryImpl: ~MediaNodeFactoryImpl
[06/24/24 18:25:11:836][981419][I]:[BS]: Cleanup ServiceEnvironment[Phase-0]
[06/24/24 18:25:11:836][981419][I]:[RERA]: ~RtcEventReporterArgus
[06/24/24 18:25:11:836][981419][I]:[RCRA]: ~RtcStatsReporterArgus
[06/24/24 18:25:11:836][981419][I]:[RS] report stats: seq: 50
[06/24/24 18:25:11:836][981419][I]:[RS] report stats: report item map size: 0
[06/24/24 18:25:11:836][981419][I]:[RS] report stats: tx bytes: 13869
[06/24/24 18:25:11:836][981419][I]:[RS] report stats: rx bytes: 2400
[06/24/24 18:25:11:836][981419][I]:[RS] total report server size:  6
[06/24/24 18:25:11:836][981419][I]:[RS] Remote Server:  115.236.96.8:8130
[06/24/24 18:25:11:836][981419][I]:[794393449487541244|remote:115.******.8:8130] destroy session 0x7f9e70672590
[06/24/24 18:25:11:836][981419][I]:[794393449487541244|remote:115.******.8:8130] start last ack, duration: 2000 ms
[06/24/24 18:25:11:836][981419][I]:destroy session builder 0x7f9e706a3400
[06/24/24 18:25:11:836][981419][I]:[794393449487541244|remote:115.******.8:8130] destroy connection 0x7f9e706b4ae0
[06/24/24 18:25:11:836][981419][I]:[794393449487541244|remote:115.******.8:8130] destroy path 0x7f9e706ba480
[06/24/24 18:25:11:836][981419][I]:[CM]: succeeded to flush to Cache File Manager in ReportCacheDocument::Pack()(), elapsed 0
[06/24/24 18:25:11:836][981419][I]:XdumpHandler: ~XdumpHandler
[06/24/24 18:25:11:836][981419][I]:[PIP]: ~PredefineIpList
[06/24/24 18:25:11:837][981419][I]:[BS]: Cleanup ServiceEnvironment[Phase-1]
[06/24/24 18:25:11:837][981419][I]:[BS]: Cleanup ServiceEnvironment[Phase-2]
[06/24/24 18:25:11:837][981419][A]:(00000093): AgoraService::~AgoraService(this:0x7f9e70013370, void)
[06/24/24 18:25:11:837][981419][I]:AudioDeviceManagerImpl: ~AudioDeviceManagerImpl
[06/24/24 18:25:11:837][981419][I]:Log service is shutting down.
[06/24/24 18:25:11:837][981419][I]:[log_stat_count] request: 2841, should: 1807, lost: 0
